#
# A fatal error has been detected by the Java Runtime Environment:
#
#  EXCEPTION_ILLEGAL_INSTRUCTION (0xc000001d) at pc=0x000001e4c67c7fea, pid=13672, tid=15808
#
# JRE version: Java(TM) SE Runtime Environment (11.0.1+13) (build 11.0.1+13-LTS)
# Java VM: Java HotSpot(TM) 64-Bit Server VM (11.0.1+13-LTS, mixed mode, tiered, compressed oops, g1 gc, windows-amd64)
# Problematic frame:
# J 6854% c2 am.z(II)V (1215 bytes) @ 0x000001e4c67c7fea [0x000001e4c67c76c0+0x000000000000092a]
#
# No core dump will be written. Minidumps are not enabled by default on client versions of Windows
#
# If you would like to submit a bug report, please visit:
#   http://bugreport.java.com/bugreport/crash.jsp
#

---------------  S U M M A R Y ------------

Command Line: -javaagent:C:\Program Files\JetBrains\IntelliJ IDEA Community Edition 2018.2.5\lib\idea_rt.jar=49801:C:\Program Files\JetBrains\IntelliJ IDEA Community Edition 2018.2.5\bin -Dfile.encoding=UTF-8 net.runelite.client.RuneLite

Host: AMD Ryzen 5 1600 Six-Core Processor            , 12 cores, 15G,  Windows 10 , 64 bit Build 17134 (10.0.17134.1)
Time: Thu Nov  1 12:04:16 2018 Romance (standaardtijd) elapsed time: 6 seconds (0d 0h 0m 6s)

---------------  T H R E A D  ---------------

Current thread (0x000001e4dcc90800):  JavaThread "Thread-2" daemon [_thread_in_Java, id=15808, stack(0x00000036d9900000,0x00000036d9a00000)]

Stack: [0x00000036d9900000,0x00000036d9a00000],  sp=0x00000036d99ff330,  free space=1020k
Native frames: (J=compiled Java code, j=interpreted, Vv=VM code, C=native code)
C  0x000001e4c67c7fea


siginfo: EXCEPTION_ILLEGAL_INSTRUCTION (0xc000001d)


Register to memory mapping:

RIP=0x000001e4c67c7fea is at entry_point+2346 in (nmethod*)0x000001e4c67c7510
RAX=0x0 is NULL
RBX=0x0000000080000000 is an unknown value
RCX=0x00000007069d0c30 is an oop
[I 
{0x00000007069d0c30} - klass: {type array int}
 - length: 32768
RDX=0x0000000000000101 is an unknown value
RSP=0x00000036d99ff330 is pointing into the stack for thread: 0x000001e4dcc90800
RBP=0x0000000000000001 is an unknown value
RSI=0x0000000000000003 is an unknown value
RDI=0x0 is NULL
R8 =0x00000007069b0c20 is an oop
[I 
{0x00000007069b0c20} - klass: {type array int}
 - length: 32768
R9 =0x0000000000000080 is an unknown value
R10=0x0000000000000001 is an unknown value
R11=0xffffffffffffff81 is an unknown value
R12=0x0 is NULL
R13=0x0000000000007e00 is an unknown value
R14=0x00000000e0d3a186 is an unknown value
R15=0x000001e4dcc90800 is a thread


Registers:
RAX=0x0000000000000000, RBX=0x0000000080000000, RCX=0x00000007069d0c30, RDX=0x0000000000000101
RSP=0x00000036d99ff330, RBP=0x0000000000000001, RSI=0x0000000000000003, RDI=0x0000000000000000
R8 =0x00000007069b0c20, R9 =0x0000000000000080, R10=0x0000000000000001, R11=0xffffffffffffff81
R12=0x0000000000000000, R13=0x0000000000007e00, R14=0x00000000e0d3a186, R15=0x000001e4dcc90800
RIP=0x000001e4c67c7fea, EFLAGS=0x0000000000010286

Top of Stack: (sp=0x00000036d99ff330)
0x00000036d99ff330:   00000036d99ff3c8 000001e400000000
0x00000036d99ff340:   000001e4eba26558 00000007069729f8
0x00000036d99ff350:   e440e10700008000 0000000100000100
0x00000036d99ff360:   0000800000000080 0000000000008000
0x00000036d99ff370:   0000008100000000 0000000000008000
0x00000036d99ff380:   000000fdffffff81 0000000000000001
0x00000036d99ff390:   deaddeaf00000001 deaddeaf00000001
0x00000036d99ff3a0:   0000000000000000 0000000000000000
0x00000036d99ff3b0:   00000036d99ff428 000001e4be9c9e67
0x00000036d99ff3c0:   deaddeafe440e107 0000000000000000
0x00000036d99ff3d0:   00000000e440e107 0000000000000001
0x00000036d99ff3e0:   00000036d99ff3e0 000001e4e984341d
0x00000036d99ff3f0:   00000036d99ff4e8 000001e4e9848260
0x00000036d99ff400:   0000000000000000 0000000706638830
0x00000036d99ff410:   000001e4e9843920 00000036d99ff3d0
0x00000036d99ff420:   00000036d99ff4c8 00000036d99ff538 

Instructions: (pc=0x000001e4c67c7fea)
0x000001e4c67c7fca:   f8 44 89 54 24 30 44 89 5c 24 34 44 89 4c 24 38
0x000001e4c67c7fda:   c5 fa 11 54 24 3c 66 66 90 e8 18 11 22 f8 0f 0b
0x000001e4c67c7fea:   0f 0b 0f 0b 89 44 24 20 e9 7e fe ff ff ba 7e ff
0x000001e4c67c7ffa:   ff ff 44 89 54 24 20 48 89 44 24 f8 8b 44 24 28 




---------------  P R O C E S S  ---------------

Threads class SMR info:
_java_thread_list=0x000001e4de2fc6e0, length=51, elements={
0x000001e4da439000, 0x000001e4da43a000, 0x000001e4dacef000, 0x000001e4dad45800,
0x000001e4dad48800, 0x000001e4dad4b000, 0x000001e4dad4d000, 0x000001e4da3f3800,
0x000001e4dafae000, 0x000001e4dafae800, 0x000001e4dc01f800, 0x000001e4dc020000,
0x000001e4dc1e9800, 0x000001e4dc1ea800, 0x000001e4dc1a3000, 0x000001e4dc4f1000,
0x000001e4dc292800, 0x000001e4dc69a800, 0x000001e4dcc8f000, 0x000001e4dcc8e000,
0x000001e4dcc90000, 0x000001e4df24a000, 0x000001e4de94a800, 0x000001e4dcc94000,
0x000001e4dcc91800, 0x000001e4dcc90800, 0x000001e4dcc92800, 0x000001e4dcc93000,
0x000001e4dcc95000, 0x000001e4defd1000, 0x000001e4defd4800, 0x000001e4defd7800,
0x000001e4defd3000, 0x000001e4defd2000, 0x000001e4defd3800, 0x000001e4defda000,
0x000001e4defd8800, 0x000001e4defdb000, 0x000001e4defd6000, 0x000001e4defd5000,
0x000001e4defd7000, 0x000001e4defd9800, 0x000001e4defde000, 0x000001e4defe0000,
0x000001e4defdc000, 0x000001e4e07db000, 0x000001e4e07dd800, 0x000001e4e07e0000,
0x000001e4e07de800, 0x000001e4e07dc000, 0x000001e4e07e1000
}

Java Threads: ( => current thread )
  0x000001e4da439000 JavaThread "Reference Handler" daemon [_thread_blocked, id=15568, stack(0x00000036d7200000,0x00000036d7300000)]
  0x000001e4da43a000 JavaThread "Finalizer" daemon [_thread_blocked, id=13976, stack(0x00000036d7300000,0x00000036d7400000)]
  0x000001e4dacef000 JavaThread "Signal Dispatcher" daemon [_thread_blocked, id=15860, stack(0x00000036d7400000,0x00000036d7500000)]
  0x000001e4dad45800 JavaThread "Attach Listener" daemon [_thread_blocked, id=8612, stack(0x00000036d7500000,0x00000036d7600000)]
  0x000001e4dad48800 JavaThread "C2 CompilerThread0" daemon [_thread_in_native, id=17784, stack(0x00000036d7600000,0x00000036d7700000)]
  0x000001e4dad4b000 JavaThread "C1 CompilerThread0" daemon [_thread_blocked, id=17952, stack(0x00000036d7700000,0x00000036d7800000)]
  0x000001e4dad4d000 JavaThread "Sweeper thread" daemon [_thread_blocked, id=2488, stack(0x00000036d7800000,0x00000036d7900000)]
  0x000001e4da3f3800 JavaThread "Common-Cleaner" daemon [_thread_blocked, id=4016, stack(0x00000036d7900000,0x00000036d7a00000)]
  0x000001e4dafae000 JavaThread "Monitor Ctrl-Break" daemon [_thread_in_native, id=14668, stack(0x00000036d7a00000,0x00000036d7b00000)]
  0x000001e4dafae800 JavaThread "Service Thread" daemon [_thread_blocked, id=12296, stack(0x00000036d7b00000,0x00000036d7c00000)]
  0x000001e4dc01f800 JavaThread "OkHttp ConnectionPool" daemon [_thread_blocked, id=15324, stack(0x00000036d8600000,0x00000036d8700000)]
  0x000001e4dc020000 JavaThread "Okio Watchdog" daemon [_thread_blocked, id=2676, stack(0x00000036d8700000,0x00000036d8800000)]
  0x000001e4dc1e9800 JavaThread "OkHttp api.runelite.net" [_thread_in_native, id=5560, stack(0x00000036d8800000,0x00000036d8900000)]
  0x000001e4dc1ea800 JavaThread "OkHttp Http2Connection" daemon [_thread_blocked, id=16404, stack(0x00000036d8900000,0x00000036d8a00000)]
  0x000001e4dc1a3000 JavaThread "OkHttp Http2Connection" daemon [_thread_blocked, id=7448, stack(0x00000036d8a00000,0x00000036d8b00000)]
  0x000001e4dc4f1000 JavaThread "pool-3-thread-1" [_thread_blocked, id=16044, stack(0x00000036d7d00000,0x00000036d7e00000)]
  0x000001e4dc292800 JavaThread "Java2D Disposer" daemon [_thread_blocked, id=1172, stack(0x00000036d8b00000,0x00000036d8c00000)]
  0x000001e4dc69a800 JavaThread "AWT-Windows" daemon [_thread_in_native, id=14676, stack(0x00000036d8d00000,0x00000036d8e00000)]
  0x000001e4dcc8f000 JavaThread "pool-2-thread-1" [_thread_blocked, id=11704, stack(0x00000036d9200000,0x00000036d9300000)]
  0x000001e4dcc8e000 JavaThread "AWT-Shutdown" [_thread_blocked, id=17276, stack(0x00000036d8c00000,0x00000036d8d00000)]
  0x000001e4dcc90000 JavaThread "AWT-EventQueue-0" [_thread_blocked, id=7260, stack(0x00000036d9300000,0x00000036d9400000)]
  0x000001e4df24a000 JavaThread "C2 CompilerThread1" daemon [_thread_blocked, id=17896, stack(0x00000036d8f00000,0x00000036d9000000)]
  0x000001e4de94a800 JavaThread "C2 CompilerThread2" daemon [_thread_blocked, id=17932, stack(0x00000036d9400000,0x00000036d9500000)]
  0x000001e4dcc94000 JavaThread "Image Fetcher 0" daemon [_thread_blocked, id=18292, stack(0x00000036d9500000,0x00000036d9600000)]
  0x000001e4dcc91800 JavaThread "Thread-1" daemon [_thread_blocked, id=18380, stack(0x00000036d9800000,0x00000036d9900000)]
=>0x000001e4dcc90800 JavaThread "Thread-2" daemon [_thread_in_Java, id=15808, stack(0x00000036d9900000,0x00000036d9a00000)]
  0x000001e4dcc92800 JavaThread "Thread-3" daemon [_thread_blocked, id=9804, stack(0x00000036d9a00000,0x00000036d9b00000)]
  0x000001e4dcc93000 JavaThread "Substance heap status" daemon [_thread_blocked, id=10768, stack(0x00000036d9b00000,0x00000036d9c00000)]
  0x000001e4dcc95000 JavaThread "Trident callback thread" daemon [_thread_blocked, id=4788, stack(0x00000036d9e00000,0x00000036d9f00000)]
  0x000001e4defd1000 JavaThread "Trident pulse source thread" daemon [_thread_blocked, id=17680, stack(0x00000036d9f00000,0x00000036da000000)]
  0x000001e4defd4800 JavaThread "D3D Screen Updater" daemon [_thread_blocked, id=14856, stack(0x00000036da000000,0x00000036da100000)]
  0x000001e4defd7800 JavaThread "Thread-7" daemon [_thread_in_native, id=18312, stack(0x00000036da200000,0x00000036da300000)]
  0x000001e4defd3000 JavaThread "Thread-8" daemon [_thread_blocked, id=9076, stack(0x00000036da300000,0x00000036da400000)]
  0x000001e4defd2000 JavaThread "TimerQueue" daemon [_thread_blocked, id=15356, stack(0x00000036da400000,0x00000036da500000)]
  0x000001e4defd3800 JavaThread "Thread-9" daemon [_thread_blocked, id=16456, stack(0x00000036da500000,0x00000036da600000)]
  0x000001e4defda000 JavaThread "OkHttp Dispatcher" [_thread_blocked, id=11144, stack(0x00000036da600000,0x00000036da700000)]
  0x000001e4defd8800 JavaThread "OkHttp Dispatcher" [_thread_blocked, id=1448, stack(0x00000036da700000,0x00000036da800000)]
  0x000001e4defdb000 JavaThread "OkHttp Dispatcher" [_thread_blocked, id=5168, stack(0x00000036da800000,0x00000036da900000)]
  0x000001e4defd6000 JavaThread "OkHttp Dispatcher" [_thread_blocked, id=13784, stack(0x00000036da900000,0x00000036daa00000)]
  0x000001e4defd5000 JavaThread "OkHttp Dispatcher" [_thread_blocked, id=5400, stack(0x00000036daa00000,0x00000036dab00000)]
  0x000001e4defd7000 JavaThread "OkHttp pbs.twimg.com" [_thread_in_native, id=17360, stack(0x00000036dab00000,0x00000036dac00000)]
  0x000001e4defd9800 JavaThread "OkHttp Http2Connection" daemon [_thread_blocked, id=2332, stack(0x00000036daf00000,0x00000036db000000)]
  0x000001e4defde000 JavaThread "OkHttp Http2Connection" daemon [_thread_blocked, id=6424, stack(0x00000036db000000,0x00000036db100000)]
  0x000001e4defe0000 JavaThread "OkHttp Http2Connection" daemon [_thread_blocked, id=15664, stack(0x00000036db100000,0x00000036db200000)]
  0x000001e4defdc000 JavaThread "OkHttp Http2Connection" daemon [_thread_blocked, id=13756, stack(0x00000036db200000,0x00000036db300000)]
  0x000001e4e07db000 JavaThread "OkHttp Http2Connection" daemon [_thread_blocked, id=4500, stack(0x00000036db300000,0x00000036db400000)]
  0x000001e4e07dd800 JavaThread "Java Sound Event Dispatcher" daemon [_thread_blocked, id=12036, stack(0x00000036dae00000,0x00000036daf00000)]
  0x000001e4e07e0000 JavaThread "OkHttp Dispatcher" [_thread_blocked, id=17956, stack(0x00000036db500000,0x00000036db600000)]
  0x000001e4e07de800 JavaThread "pool-4-thread-1" [_thread_blocked, id=13980, stack(0x00000036db700000,0x00000036db800000)]
  0x000001e4e07dc000 JavaThread "Thread-15" daemon [_thread_blocked, id=4476, stack(0x00000036db900000,0x00000036dba00000)]
  0x000001e4e07e1000 JavaThread "DestroyJavaVM" [_thread_blocked, id=15332, stack(0x00000036d6b00000,0x00000036d6c00000)]

Other Threads:
  0x000001e4da437000 VMThread "VM Thread" [stack: 0x00000036d7100000,0x00000036d7200000] [id=1776]
  0x000001e4db289800 WatcherThread [stack: 0x00000036d7c00000,0x00000036d7d00000] [id=2364]
  0x000001e4b66b0000 GCTaskThread "GC Thread#0" [stack: 0x00000036d6c00000,0x00000036d6d00000] [id=15448]
  0x000001e4db8f3000 GCTaskThread "GC Thread#1" [stack: 0x00000036d7e00000,0x00000036d7f00000] [id=8840]
  0x000001e4db8f4000 GCTaskThread "GC Thread#2" [stack: 0x00000036d7f00000,0x00000036d8000000] [id=17336]
  0x000001e4db8f5000 GCTaskThread "GC Thread#3" [stack: 0x00000036d8000000,0x00000036d8100000] [id=16528]
  0x000001e4db8f6000 GCTaskThread "GC Thread#4" [stack: 0x00000036d8100000,0x00000036d8200000] [id=7892]
  0x000001e4db8e9800 GCTaskThread "GC Thread#5" [stack: 0x00000036d8200000,0x00000036d8300000] [id=18372]
  0x000001e4dcbac000 GCTaskThread "GC Thread#6" [stack: 0x00000036d9000000,0x00000036d9100000] [id=17220]
  0x000001e4de415800 GCTaskThread "GC Thread#7" [stack: 0x00000036d9100000,0x00000036d9200000] [id=15980]
  0x000001e4de5af800 GCTaskThread "GC Thread#8" [stack: 0x00000036d9600000,0x00000036d9700000] [id=12576]
  0x000001e4de3d4000 GCTaskThread "GC Thread#9" [stack: 0x00000036d9700000,0x00000036d9800000] [id=10064]
  0x000001e4b670c800 ConcurrentGCThread "G1 Main Marker" [stack: 0x00000036d6d00000,0x00000036d6e00000] [id=7128]
  0x000001e4b670e800 ConcurrentGCThread "G1 Conc#0" [stack: 0x00000036d6e00000,0x00000036d6f00000] [id=18032]
  0x000001e4dc0dd800 ConcurrentGCThread "G1 Conc#1" [stack: 0x00000036d8300000,0x00000036d8400000] [id=18044]
  0x000001e4dc0e4800 ConcurrentGCThread "G1 Conc#2" [stack: 0x00000036d8400000,0x00000036d8500000] [id=18000]
  0x000001e4da30e000 ConcurrentGCThread "G1 Refine#0" [stack: 0x00000036d6f00000,0x00000036d7000000] [id=16280]
  0x000001e4da30f000 ConcurrentGCThread "G1 Young RemSet Sampling" [stack: 0x00000036d7000000,0x00000036d7100000] [id=6804]

Threads with active compile tasks:
C2 CompilerThread06857   !   4       am::z (1215 bytes)

VM state:not at safepoint (normal execution)

VM Mutex/Monitor currently owned by a thread: None

Heap address: 0x0000000701000000, size: 4080 MB, Compressed Oops mode: Zero based, Oop shift amount: 3
Narrow klass base: 0x0000000800000000, Narrow klass shift: 0
Compressed class space size: 1073741824 Address: 0x0000000800000000

Heap:
 garbage-first heap   total 262144K, used 86768K [0x0000000701000000, 0x0000000800000000)
  region size 1024K, 64 young (65536K), 20 survivors (20480K)
 Metaspace       used 57468K, capacity 58740K, committed 58928K, reserved 1101824K
  class space    used 6440K, capacity 6963K, committed 7040K, reserved 1048576K
Heap Regions: E=young(eden), S=young(survivor), O=old, HS=humongous(starts), HC=humongous(continues), CS=collection set, F=free, A=archive, TAMS=top-at-mark-start (previous, next)
|   0|0x0000000701000000, 0x0000000701100000, 0x0000000701100000|100%| O|  |TAMS 0x0000000701100000, 0x0000000701000000| Untracked 
|   1|0x0000000701100000, 0x0000000701200000, 0x0000000701200000|100%| O|  |TAMS 0x0000000701200000, 0x0000000701100000| Untracked 
|   2|0x0000000701200000, 0x0000000701300000, 0x0000000701300000|100%| O|  |TAMS 0x0000000701300000, 0x0000000701200000| Untracked 
|   3|0x0000000701300000, 0x0000000701400000, 0x0000000701400000|100%| O|  |TAMS 0x0000000701400000, 0x0000000701300000| Untracked 
|   4|0x0000000701400000, 0x0000000701500000, 0x0000000701500000|100%| O|  |TAMS 0x0000000701500000, 0x0000000701400000| Untracked 
|   5|0x0000000701500000, 0x0000000701600000, 0x0000000701600000|100%| O|  |TAMS 0x0000000701600000, 0x0000000701500000| Untracked 
|   6|0x0000000701600000, 0x0000000701700000, 0x0000000701700000|100%| O|  |TAMS 0x0000000701700000, 0x0000000701600000| Untracked 
|   7|0x0000000701700000, 0x0000000701800000, 0x0000000701800000|100%| O|  |TAMS 0x0000000701800000, 0x0000000701700000| Untracked 
|   8|0x0000000701800000, 0x0000000701900000, 0x0000000701900000|100%| O|  |TAMS 0x0000000701900000, 0x0000000701800000| Untracked 
|   9|0x0000000701900000, 0x0000000701a00000, 0x0000000701a00000|100%| O|  |TAMS 0x00000007019b0600, 0x0000000701900000| Untracked 
|  10|0x0000000701a00000, 0x0000000701b00000, 0x0000000701b00000|100%| O|  |TAMS 0x0000000701a00000, 0x0000000701a00000| Untracked 
|  11|0x0000000701b00000, 0x0000000701c00000, 0x0000000701c00000|100%| O|  |TAMS 0x0000000701b00000, 0x0000000701b00000| Untracked 
|  12|0x0000000701c00000, 0x0000000701d00000, 0x0000000701d00000|100%|HS|  |TAMS 0x0000000701c00000, 0x0000000701c00000| Complete 
|  13|0x0000000701d00000, 0x0000000701e00000, 0x0000000701e00000|100%|HS|  |TAMS 0x0000000701d00000, 0x0000000701d00000| Complete 
|  14|0x0000000701e00000, 0x0000000701f00000, 0x0000000701f00000|100%|HS|  |TAMS 0x0000000701e00000, 0x0000000701e00000| Complete 
|  15|0x0000000701f00000, 0x0000000702000000, 0x0000000702000000|100%|HC|  |TAMS 0x0000000701f00000, 0x0000000701f00000| Complete 
|  16|0x0000000702000000, 0x0000000702100000, 0x0000000702100000|100%|HS|  |TAMS 0x0000000702000000, 0x0000000702000000| Complete 
|  17|0x0000000702100000, 0x0000000702200000, 0x0000000702200000|100%|HC|  |TAMS 0x0000000702100000, 0x0000000702100000| Complete 
|  18|0x0000000702200000, 0x0000000702200000, 0x0000000702300000|  0%| F|  |TAMS 0x0000000702200000, 0x0000000702200000| Untracked 
|  19|0x0000000702300000, 0x0000000702300000, 0x0000000702400000|  0%| F|  |TAMS 0x0000000702300000, 0x0000000702300000| Untracked 
|  20|0x0000000702400000, 0x0000000702400000, 0x0000000702500000|  0%| F|  |TAMS 0x0000000702400000, 0x0000000702400000| Untracked 
|  21|0x0000000702500000, 0x0000000702600000, 0x0000000702600000|100%|HS|  |TAMS 0x0000000702500000, 0x0000000702500000| Complete 
|  22|0x0000000702600000, 0x0000000702700000, 0x0000000702700000|100%|HS|  |TAMS 0x0000000702600000, 0x0000000702600000| Complete 
|  23|0x0000000702700000, 0x0000000702800000, 0x0000000702800000|100%| O|  |TAMS 0x0000000702700000, 0x0000000702700000| Untracked 
|  24|0x0000000702800000, 0x0000000702900000, 0x0000000702900000|100%| O|  |TAMS 0x0000000702800000, 0x0000000702800000| Untracked 
|  25|0x0000000702900000, 0x00000007029bc000, 0x0000000702a00000| 73%| O|  |TAMS 0x0000000702900000, 0x0000000702900000| Untracked 
|  26|0x0000000702a00000, 0x0000000702a00000, 0x0000000702b00000|  0%| F|  |TAMS 0x0000000702a00000, 0x0000000702a00000| Untracked 
|  27|0x0000000702b00000, 0x0000000702b00000, 0x0000000702c00000|  0%| F|  |TAMS 0x0000000702b00000, 0x0000000702b00000| Untracked 
|  28|0x0000000702c00000, 0x0000000702c00000, 0x0000000702d00000|  0%| F|  |TAMS 0x0000000702c00000, 0x0000000702c00000| Untracked 
|  29|0x0000000702d00000, 0x0000000702d00000, 0x0000000702e00000|  0%| F|  |TAMS 0x0000000702d00000, 0x0000000702d00000| Untracked 
|  30|0x0000000702e00000, 0x0000000702e00000, 0x0000000702f00000|  0%| F|  |TAMS 0x0000000702e00000, 0x0000000702e00000| Untracked 
|  31|0x0000000702f00000, 0x0000000702f00000, 0x0000000703000000|  0%| F|  |TAMS 0x0000000702f00000, 0x0000000702f00000| Untracked 
|  32|0x0000000703000000, 0x0000000703000000, 0x0000000703100000|  0%| F|  |TAMS 0x0000000703000000, 0x0000000703000000| Untracked 
|  33|0x0000000703100000, 0x0000000703100000, 0x0000000703200000|  0%| F|  |TAMS 0x0000000703100000, 0x0000000703100000| Untracked 
|  34|0x0000000703200000, 0x0000000703200000, 0x0000000703300000|  0%| F|  |TAMS 0x0000000703200000, 0x0000000703200000| Untracked 
|  35|0x0000000703300000, 0x0000000703300000, 0x0000000703400000|  0%| F|  |TAMS 0x0000000703300000, 0x0000000703300000| Untracked 
|  36|0x0000000703400000, 0x0000000703400000, 0x0000000703500000|  0%| F|  |TAMS 0x0000000703400000, 0x0000000703400000| Untracked 
|  37|0x0000000703500000, 0x0000000703500000, 0x0000000703600000|  0%| F|  |TAMS 0x0000000703500000, 0x0000000703500000| Untracked 
|  38|0x0000000703600000, 0x0000000703600000, 0x0000000703700000|  0%| F|  |TAMS 0x0000000703600000, 0x0000000703600000| Untracked 
|  39|0x0000000703700000, 0x0000000703700000, 0x0000000703800000|  0%| F|  |TAMS 0x0000000703700000, 0x0000000703700000| Untracked 
|  40|0x0000000703800000, 0x0000000703800000, 0x0000000703900000|  0%| F|  |TAMS 0x0000000703800000, 0x0000000703800000| Untracked 
|  41|0x0000000703900000, 0x0000000703900000, 0x0000000703a00000|  0%| F|  |TAMS 0x0000000703900000, 0x0000000703900000| Untracked 
|  42|0x0000000703a00000, 0x0000000703a00000, 0x0000000703b00000|  0%| F|  |TAMS 0x0000000703a00000, 0x0000000703a00000| Untracked 
|  43|0x0000000703b00000, 0x0000000703b00000, 0x0000000703c00000|  0%| F|  |TAMS 0x0000000703b00000, 0x0000000703b00000| Untracked 
|  44|0x0000000703c00000, 0x0000000703c00000, 0x0000000703d00000|  0%| F|  |TAMS 0x0000000703c00000, 0x0000000703c00000| Untracked 
|  45|0x0000000703d00000, 0x0000000703d00000, 0x0000000703e00000|  0%| F|  |TAMS 0x0000000703d00000, 0x0000000703d00000| Untracked 
|  46|0x0000000703e00000, 0x0000000703e00000, 0x0000000703f00000|  0%| F|  |TAMS 0x0000000703e00000, 0x0000000703e00000| Untracked 
|  47|0x0000000703f00000, 0x0000000703f00000, 0x0000000704000000|  0%| F|  |TAMS 0x0000000703f00000, 0x0000000703f00000| Untracked 
|  48|0x0000000704000000, 0x0000000704000000, 0x0000000704100000|  0%| F|  |TAMS 0x0000000704000000, 0x0000000704000000| Untracked 
|  49|0x0000000704100000, 0x0000000704100000, 0x0000000704200000|  0%| F|  |TAMS 0x0000000704100000, 0x0000000704100000| Untracked 
|  50|0x0000000704200000, 0x0000000704200000, 0x0000000704300000|  0%| F|  |TAMS 0x0000000704200000, 0x0000000704200000| Untracked 
|  51|0x0000000704300000, 0x0000000704300000, 0x0000000704400000|  0%| F|  |TAMS 0x0000000704300000, 0x0000000704300000| Untracked 
|  52|0x0000000704400000, 0x0000000704400000, 0x0000000704500000|  0%| F|  |TAMS 0x0000000704400000, 0x0000000704400000| Untracked 
|  53|0x0000000704500000, 0x0000000704500000, 0x0000000704600000|  0%| F|  |TAMS 0x0000000704500000, 0x0000000704500000| Untracked 
|  54|0x0000000704600000, 0x0000000704600000, 0x0000000704700000|  0%| F|  |TAMS 0x0000000704600000, 0x0000000704600000| Untracked 
|  55|0x0000000704700000, 0x0000000704700000, 0x0000000704800000|  0%| F|  |TAMS 0x0000000704700000, 0x0000000704700000| Untracked 
|  56|0x0000000704800000, 0x0000000704800000, 0x0000000704900000|  0%| F|  |TAMS 0x0000000704800000, 0x0000000704800000| Untracked 
|  57|0x0000000704900000, 0x0000000704900000, 0x0000000704a00000|  0%| F|  |TAMS 0x0000000704900000, 0x0000000704900000| Untracked 
|  58|0x0000000704a00000, 0x0000000704a00000, 0x0000000704b00000|  0%| F|  |TAMS 0x0000000704a00000, 0x0000000704a00000| Untracked 
|  59|0x0000000704b00000, 0x0000000704b00000, 0x0000000704c00000|  0%| F|  |TAMS 0x0000000704b00000, 0x0000000704b00000| Untracked 
|  60|0x0000000704c00000, 0x0000000704c00000, 0x0000000704d00000|  0%| F|  |TAMS 0x0000000704c00000, 0x0000000704c00000| Untracked 
|  61|0x0000000704d00000, 0x0000000704d00000, 0x0000000704e00000|  0%| F|  |TAMS 0x0000000704d00000, 0x0000000704d00000| Untracked 
|  62|0x0000000704e00000, 0x0000000704e00000, 0x0000000704f00000|  0%| F|  |TAMS 0x0000000704e00000, 0x0000000704e00000| Untracked 
|  63|0x0000000704f00000, 0x0000000704f00000, 0x0000000705000000|  0%| F|  |TAMS 0x0000000704f00000, 0x0000000704f00000| Untracked 
|  64|0x0000000705000000, 0x0000000705000000, 0x0000000705100000|  0%| F|  |TAMS 0x0000000705000000, 0x0000000705000000| Untracked 
|  65|0x0000000705100000, 0x0000000705100000, 0x0000000705200000|  0%| F|  |TAMS 0x0000000705100000, 0x0000000705100000| Untracked 
|  66|0x0000000705200000, 0x0000000705200000, 0x0000000705300000|  0%| F|  |TAMS 0x0000000705200000, 0x0000000705200000| Untracked 
|  67|0x0000000705300000, 0x0000000705300000, 0x0000000705400000|  0%| F|  |TAMS 0x0000000705300000, 0x0000000705300000| Untracked 
|  68|0x0000000705400000, 0x0000000705400000, 0x0000000705500000|  0%| F|  |TAMS 0x0000000705400000, 0x0000000705400000| Untracked 
|  69|0x0000000705500000, 0x0000000705500000, 0x0000000705600000|  0%| F|  |TAMS 0x0000000705500000, 0x0000000705500000| Untracked 
|  70|0x0000000705600000, 0x0000000705600000, 0x0000000705700000|  0%| F|  |TAMS 0x0000000705600000, 0x0000000705600000| Untracked 
|  71|0x0000000705700000, 0x0000000705700000, 0x0000000705800000|  0%| F|  |TAMS 0x0000000705700000, 0x0000000705700000| Untracked 
|  72|0x0000000705800000, 0x0000000705800000, 0x0000000705900000|  0%| F|  |TAMS 0x0000000705800000, 0x0000000705800000| Untracked 
|  73|0x0000000705900000, 0x0000000705900000, 0x0000000705a00000|  0%| F|  |TAMS 0x0000000705900000, 0x0000000705900000| Untracked 
|  74|0x0000000705a00000, 0x0000000705a00000, 0x0000000705b00000|  0%| F|  |TAMS 0x0000000705a00000, 0x0000000705a00000| Untracked 
|  75|0x0000000705b00000, 0x0000000705b00000, 0x0000000705c00000|  0%| F|  |TAMS 0x0000000705b00000, 0x0000000705b00000| Untracked 
|  76|0x0000000705c00000, 0x0000000705c00000, 0x0000000705d00000|  0%| F|  |TAMS 0x0000000705c00000, 0x0000000705c00000| Untracked 
|  77|0x0000000705d00000, 0x0000000705d00000, 0x0000000705e00000|  0%| F|  |TAMS 0x0000000705d00000, 0x0000000705d00000| Untracked 
|  78|0x0000000705e00000, 0x0000000705e00000, 0x0000000705f00000|  0%| F|  |TAMS 0x0000000705e00000, 0x0000000705e00000| Untracked 
|  79|0x0000000705f00000, 0x0000000705f00000, 0x0000000706000000|  0%| F|  |TAMS 0x0000000705f00000, 0x0000000705f00000| Untracked 
|  80|0x0000000706000000, 0x0000000706000000, 0x0000000706100000|  0%| F|  |TAMS 0x0000000706000000, 0x0000000706000000| Untracked 
|  81|0x0000000706100000, 0x0000000706100000, 0x0000000706200000|  0%| F|  |TAMS 0x0000000706100000, 0x0000000706100000| Untracked 
|  82|0x0000000706200000, 0x0000000706200000, 0x0000000706300000|  0%| F|  |TAMS 0x0000000706200000, 0x0000000706200000| Untracked 
|  83|0x0000000706300000, 0x0000000706400000, 0x0000000706400000|100%| S|CS|TAMS 0x0000000706300000, 0x0000000706300000| Complete 
|  84|0x0000000706400000, 0x0000000706500000, 0x0000000706500000|100%| S|CS|TAMS 0x0000000706400000, 0x0000000706400000| Complete 
|  85|0x0000000706500000, 0x0000000706600000, 0x0000000706600000|100%| S|CS|TAMS 0x0000000706500000, 0x0000000706500000| Complete 
|  86|0x0000000706600000, 0x0000000706700000, 0x0000000706700000|100%| S|CS|TAMS 0x0000000706600000, 0x0000000706600000| Complete 
|  87|0x0000000706700000, 0x0000000706800000, 0x0000000706800000|100%| S|CS|TAMS 0x0000000706700000, 0x0000000706700000| Complete 
|  88|0x0000000706800000, 0x0000000706900000, 0x0000000706900000|100%| S|CS|TAMS 0x0000000706800000, 0x0000000706800000| Complete 
|  89|0x0000000706900000, 0x0000000706a00000, 0x0000000706a00000|100%| S|CS|TAMS 0x0000000706900000, 0x0000000706900000| Complete 
|  90|0x0000000706a00000, 0x0000000706b00000, 0x0000000706b00000|100%| S|CS|TAMS 0x0000000706a00000, 0x0000000706a00000| Complete 
|  91|0x0000000706b00000, 0x0000000706c00000, 0x0000000706c00000|100%| S|CS|TAMS 0x0000000706b00000, 0x0000000706b00000| Complete 
|  92|0x0000000706c00000, 0x0000000706d00000, 0x0000000706d00000|100%| S|CS|TAMS 0x0000000706c00000, 0x0000000706c00000| Complete 
|  93|0x0000000706d00000, 0x0000000706e00000, 0x0000000706e00000|100%| S|CS|TAMS 0x0000000706d00000, 0x0000000706d00000| Complete 
|  94|0x0000000706e00000, 0x0000000706f00000, 0x0000000706f00000|100%| S|CS|TAMS 0x0000000706e00000, 0x0000000706e00000| Complete 
|  95|0x0000000706f00000, 0x0000000707000000, 0x0000000707000000|100%| S|CS|TAMS 0x0000000706f00000, 0x0000000706f00000| Complete 
|  96|0x0000000707000000, 0x0000000707100000, 0x0000000707100000|100%| S|CS|TAMS 0x0000000707000000, 0x0000000707000000| Complete 
|  97|0x0000000707100000, 0x0000000707200000, 0x0000000707200000|100%| S|CS|TAMS 0x0000000707100000, 0x0000000707100000| Complete 
|  98|0x0000000707200000, 0x0000000707300000, 0x0000000707300000|100%| S|CS|TAMS 0x0000000707200000, 0x0000000707200000| Complete 
|  99|0x0000000707300000, 0x0000000707400000, 0x0000000707400000|100%| S|CS|TAMS 0x0000000707300000, 0x0000000707300000| Complete 
| 100|0x0000000707400000, 0x0000000707500000, 0x0000000707500000|100%| S|CS|TAMS 0x0000000707400000, 0x0000000707400000| Complete 
| 101|0x0000000707500000, 0x0000000707600000, 0x0000000707600000|100%| S|CS|TAMS 0x0000000707500000, 0x0000000707500000| Complete 
| 102|0x0000000707600000, 0x0000000707700000, 0x0000000707700000|100%| S|CS|TAMS 0x0000000707600000, 0x0000000707600000| Complete 
| 103|0x0000000707700000, 0x0000000707700000, 0x0000000707800000|  0%| F|  |TAMS 0x0000000707700000, 0x0000000707700000| Untracked 
| 104|0x0000000707800000, 0x0000000707800000, 0x0000000707900000|  0%| F|  |TAMS 0x0000000707800000, 0x0000000707800000| Untracked 
| 105|0x0000000707900000, 0x0000000707900000, 0x0000000707a00000|  0%| F|  |TAMS 0x0000000707900000, 0x0000000707900000| Untracked 
| 106|0x0000000707a00000, 0x0000000707a00000, 0x0000000707b00000|  0%| F|  |TAMS 0x0000000707a00000, 0x0000000707a00000| Untracked 
| 107|0x0000000707b00000, 0x0000000707b00000, 0x0000000707c00000|  0%| F|  |TAMS 0x0000000707b00000, 0x0000000707b00000| Untracked 
| 108|0x0000000707c00000, 0x0000000707c00000, 0x0000000707d00000|  0%| F|  |TAMS 0x0000000707c00000, 0x0000000707c00000| Untracked 
| 109|0x0000000707d00000, 0x0000000707d00000, 0x0000000707e00000|  0%| F|  |TAMS 0x0000000707d00000, 0x0000000707d00000| Untracked 
| 110|0x0000000707e00000, 0x0000000707e00000, 0x0000000707f00000|  0%| F|  |TAMS 0x0000000707e00000, 0x0000000707e00000| Untracked 
| 111|0x0000000707f00000, 0x0000000707f00000, 0x0000000708000000|  0%| F|  |TAMS 0x0000000707f00000, 0x0000000707f00000| Untracked 
| 112|0x0000000708000000, 0x0000000708000000, 0x0000000708100000|  0%| F|  |TAMS 0x0000000708000000, 0x0000000708000000| Untracked 
| 113|0x0000000708100000, 0x0000000708100000, 0x0000000708200000|  0%| F|  |TAMS 0x0000000708100000, 0x0000000708100000| Untracked 
| 114|0x0000000708200000, 0x0000000708200000, 0x0000000708300000|  0%| F|  |TAMS 0x0000000708200000, 0x0000000708200000| Untracked 
| 115|0x0000000708300000, 0x0000000708300000, 0x0000000708400000|  0%| F|  |TAMS 0x0000000708300000, 0x0000000708300000| Untracked 
| 116|0x0000000708400000, 0x0000000708400000, 0x0000000708500000|  0%| F|  |TAMS 0x0000000708400000, 0x0000000708400000| Untracked 
| 117|0x0000000708500000, 0x0000000708500000, 0x0000000708600000|  0%| F|  |TAMS 0x0000000708500000, 0x0000000708500000| Untracked 
| 118|0x0000000708600000, 0x0000000708600000, 0x0000000708700000|  0%| F|  |TAMS 0x0000000708600000, 0x0000000708600000| Untracked 
| 119|0x0000000708700000, 0x0000000708700000, 0x0000000708800000|  0%| F|  |TAMS 0x0000000708700000, 0x0000000708700000| Untracked 
| 120|0x0000000708800000, 0x0000000708800000, 0x0000000708900000|  0%| F|  |TAMS 0x0000000708800000, 0x0000000708800000| Untracked 
| 121|0x0000000708900000, 0x0000000708900000, 0x0000000708a00000|  0%| F|  |TAMS 0x0000000708900000, 0x0000000708900000| Untracked 
| 122|0x0000000708a00000, 0x0000000708a00000, 0x0000000708b00000|  0%| F|  |TAMS 0x0000000708a00000, 0x0000000708a00000| Untracked 
| 123|0x0000000708b00000, 0x0000000708b00000, 0x0000000708c00000|  0%| F|  |TAMS 0x0000000708b00000, 0x0000000708b00000| Untracked 
| 124|0x0000000708c00000, 0x0000000708c00000, 0x0000000708d00000|  0%| F|  |TAMS 0x0000000708c00000, 0x0000000708c00000| Untracked 
| 125|0x0000000708d00000, 0x0000000708d00000, 0x0000000708e00000|  0%| F|  |TAMS 0x0000000708d00000, 0x0000000708d00000| Untracked 
| 126|0x0000000708e00000, 0x0000000708e00000, 0x0000000708f00000|  0%| F|  |TAMS 0x0000000708e00000, 0x0000000708e00000| Untracked 
| 127|0x0000000708f00000, 0x0000000708f00000, 0x0000000709000000|  0%| F|  |TAMS 0x0000000708f00000, 0x0000000708f00000| Untracked 
| 128|0x0000000709000000, 0x0000000709000000, 0x0000000709100000|  0%| F|  |TAMS 0x0000000709000000, 0x0000000709000000| Untracked 
| 129|0x0000000709100000, 0x0000000709100000, 0x0000000709200000|  0%| F|  |TAMS 0x0000000709100000, 0x0000000709100000| Untracked 
| 130|0x0000000709200000, 0x0000000709200000, 0x0000000709300000|  0%| F|  |TAMS 0x0000000709200000, 0x0000000709200000| Untracked 
| 131|0x0000000709300000, 0x0000000709300000, 0x0000000709400000|  0%| F|  |TAMS 0x0000000709300000, 0x0000000709300000| Untracked 
| 132|0x0000000709400000, 0x0000000709400000, 0x0000000709500000|  0%| F|  |TAMS 0x0000000709400000, 0x0000000709400000| Untracked 
| 133|0x0000000709500000, 0x0000000709500000, 0x0000000709600000|  0%| F|  |TAMS 0x0000000709500000, 0x0000000709500000| Untracked 
| 134|0x0000000709600000, 0x0000000709600000, 0x0000000709700000|  0%| F|  |TAMS 0x0000000709600000, 0x0000000709600000| Untracked 
| 135|0x0000000709700000, 0x0000000709700000, 0x0000000709800000|  0%| F|  |TAMS 0x0000000709700000, 0x0000000709700000| Untracked 
| 136|0x0000000709800000, 0x0000000709800000, 0x0000000709900000|  0%| F|  |TAMS 0x0000000709800000, 0x0000000709800000| Untracked 
| 137|0x0000000709900000, 0x0000000709900000, 0x0000000709a00000|  0%| F|  |TAMS 0x0000000709900000, 0x0000000709900000| Untracked 
| 138|0x0000000709a00000, 0x0000000709a00000, 0x0000000709b00000|  0%| F|  |TAMS 0x0000000709a00000, 0x0000000709a00000| Untracked 
| 139|0x0000000709b00000, 0x0000000709b00000, 0x0000000709c00000|  0%| F|  |TAMS 0x0000000709b00000, 0x0000000709b00000| Untracked 
| 140|0x0000000709c00000, 0x0000000709c00000, 0x0000000709d00000|  0%| F|  |TAMS 0x0000000709c00000, 0x0000000709c00000| Untracked 
| 141|0x0000000709d00000, 0x0000000709d00000, 0x0000000709e00000|  0%| F|  |TAMS 0x0000000709d00000, 0x0000000709d00000| Untracked 
| 142|0x0000000709e00000, 0x0000000709e00000, 0x0000000709f00000|  0%| F|  |TAMS 0x0000000709e00000, 0x0000000709e00000| Untracked 
| 143|0x0000000709f00000, 0x0000000709f00000, 0x000000070a000000|  0%| F|  |TAMS 0x0000000709f00000, 0x0000000709f00000| Untracked 
| 144|0x000000070a000000, 0x000000070a000000, 0x000000070a100000|  0%| F|  |TAMS 0x000000070a000000, 0x000000070a000000| Untracked 
| 145|0x000000070a100000, 0x000000070a100000, 0x000000070a200000|  0%| F|  |TAMS 0x000000070a100000, 0x000000070a100000| Untracked 
| 146|0x000000070a200000, 0x000000070a200000, 0x000000070a300000|  0%| F|  |TAMS 0x000000070a200000, 0x000000070a200000| Untracked 
| 147|0x000000070a300000, 0x000000070a300000, 0x000000070a400000|  0%| F|  |TAMS 0x000000070a300000, 0x000000070a300000| Untracked 
| 148|0x000000070a400000, 0x000000070a400000, 0x000000070a500000|  0%| F|  |TAMS 0x000000070a400000, 0x000000070a400000| Untracked 
| 149|0x000000070a500000, 0x000000070a500000, 0x000000070a600000|  0%| F|  |TAMS 0x000000070a500000, 0x000000070a500000| Untracked 
| 150|0x000000070a600000, 0x000000070a600000, 0x000000070a700000|  0%| F|  |TAMS 0x000000070a600000, 0x000000070a600000| Untracked 
| 151|0x000000070a700000, 0x000000070a700000, 0x000000070a800000|  0%| F|  |TAMS 0x000000070a700000, 0x000000070a700000| Untracked 
| 152|0x000000070a800000, 0x000000070a800000, 0x000000070a900000|  0%| F|  |TAMS 0x000000070a800000, 0x000000070a800000| Untracked 
| 153|0x000000070a900000, 0x000000070a900000, 0x000000070aa00000|  0%| F|  |TAMS 0x000000070a900000, 0x000000070a900000| Untracked 
| 154|0x000000070aa00000, 0x000000070aa00000, 0x000000070ab00000|  0%| F|  |TAMS 0x000000070aa00000, 0x000000070aa00000| Untracked 
| 155|0x000000070ab00000, 0x000000070ab00000, 0x000000070ac00000|  0%| F|  |TAMS 0x000000070ab00000, 0x000000070ab00000| Untracked 
| 156|0x000000070ac00000, 0x000000070ac00000, 0x000000070ad00000|  0%| F|  |TAMS 0x000000070ac00000, 0x000000070ac00000| Untracked 
| 157|0x000000070ad00000, 0x000000070ad00000, 0x000000070ae00000|  0%| F|  |TAMS 0x000000070ad00000, 0x000000070ad00000| Untracked 
| 158|0x000000070ae00000, 0x000000070ae00000, 0x000000070af00000|  0%| F|  |TAMS 0x000000070ae00000, 0x000000070ae00000| Untracked 
| 159|0x000000070af00000, 0x000000070af00000, 0x000000070b000000|  0%| F|  |TAMS 0x000000070af00000, 0x000000070af00000| Untracked 
| 160|0x000000070b000000, 0x000000070b000000, 0x000000070b100000|  0%| F|  |TAMS 0x000000070b000000, 0x000000070b000000| Untracked 
| 161|0x000000070b100000, 0x000000070b100000, 0x000000070b200000|  0%| F|  |TAMS 0x000000070b100000, 0x000000070b100000| Untracked 
| 162|0x000000070b200000, 0x000000070b200000, 0x000000070b300000|  0%| F|  |TAMS 0x000000070b200000, 0x000000070b200000| Untracked 
| 163|0x000000070b300000, 0x000000070b300000, 0x000000070b400000|  0%| F|  |TAMS 0x000000070b300000, 0x000000070b300000| Untracked 
| 164|0x000000070b400000, 0x000000070b400000, 0x000000070b500000|  0%| F|  |TAMS 0x000000070b400000, 0x000000070b400000| Untracked 
| 165|0x000000070b500000, 0x000000070b500000, 0x000000070b600000|  0%| F|  |TAMS 0x000000070b500000, 0x000000070b500000| Untracked 
| 166|0x000000070b600000, 0x000000070b600000, 0x000000070b700000|  0%| F|  |TAMS 0x000000070b600000, 0x000000070b600000| Untracked 
| 167|0x000000070b700000, 0x000000070b700000, 0x000000070b800000|  0%| F|  |TAMS 0x000000070b700000, 0x000000070b700000| Untracked 
| 168|0x000000070b800000, 0x000000070b800000, 0x000000070b900000|  0%| F|  |TAMS 0x000000070b800000, 0x000000070b800000| Untracked 
| 169|0x000000070b900000, 0x000000070b900000, 0x000000070ba00000|  0%| F|  |TAMS 0x000000070b900000, 0x000000070b900000| Untracked 
| 170|0x000000070ba00000, 0x000000070ba00000, 0x000000070bb00000|  0%| F|  |TAMS 0x000000070ba00000, 0x000000070ba00000| Untracked 
| 171|0x000000070bb00000, 0x000000070bb00000, 0x000000070bc00000|  0%| F|  |TAMS 0x000000070bb00000, 0x000000070bb00000| Untracked 
| 172|0x000000070bc00000, 0x000000070bc00000, 0x000000070bd00000|  0%| F|  |TAMS 0x000000070bc00000, 0x000000070bc00000| Untracked 
| 173|0x000000070bd00000, 0x000000070bd00000, 0x000000070be00000|  0%| F|  |TAMS 0x000000070bd00000, 0x000000070bd00000| Untracked 
| 174|0x000000070be00000, 0x000000070be00000, 0x000000070bf00000|  0%| F|  |TAMS 0x000000070be00000, 0x000000070be00000| Untracked 
| 175|0x000000070bf00000, 0x000000070bf00000, 0x000000070c000000|  0%| F|  |TAMS 0x000000070bf00000, 0x000000070bf00000| Untracked 
| 176|0x000000070c000000, 0x000000070c000000, 0x000000070c100000|  0%| F|  |TAMS 0x000000070c000000, 0x000000070c000000| Untracked 
| 177|0x000000070c100000, 0x000000070c100000, 0x000000070c200000|  0%| F|  |TAMS 0x000000070c100000, 0x000000070c100000| Untracked 
| 178|0x000000070c200000, 0x000000070c200000, 0x000000070c300000|  0%| F|  |TAMS 0x000000070c200000, 0x000000070c200000| Untracked 
| 179|0x000000070c300000, 0x000000070c300000, 0x000000070c400000|  0%| F|  |TAMS 0x000000070c300000, 0x000000070c300000| Untracked 
| 180|0x000000070c400000, 0x000000070c400000, 0x000000070c500000|  0%| F|  |TAMS 0x000000070c400000, 0x000000070c400000| Untracked 
| 181|0x000000070c500000, 0x000000070c500000, 0x000000070c600000|  0%| F|  |TAMS 0x000000070c500000, 0x000000070c500000| Untracked 
| 182|0x000000070c600000, 0x000000070c600000, 0x000000070c700000|  0%| F|  |TAMS 0x000000070c600000, 0x000000070c600000| Untracked 
| 183|0x000000070c700000, 0x000000070c700000, 0x000000070c800000|  0%| F|  |TAMS 0x000000070c700000, 0x000000070c700000| Untracked 
| 184|0x000000070c800000, 0x000000070c800000, 0x000000070c900000|  0%| F|  |TAMS 0x000000070c800000, 0x000000070c800000| Untracked 
| 185|0x000000070c900000, 0x000000070c900000, 0x000000070ca00000|  0%| F|  |TAMS 0x000000070c900000, 0x000000070c900000| Untracked 
| 186|0x000000070ca00000, 0x000000070ca00000, 0x000000070cb00000|  0%| F|  |TAMS 0x000000070ca00000, 0x000000070ca00000| Untracked 
| 187|0x000000070cb00000, 0x000000070cb00000, 0x000000070cc00000|  0%| F|  |TAMS 0x000000070cb00000, 0x000000070cb00000| Untracked 
| 188|0x000000070cc00000, 0x000000070cc00000, 0x000000070cd00000|  0%| F|  |TAMS 0x000000070cc00000, 0x000000070cc00000| Untracked 
| 189|0x000000070cd00000, 0x000000070cd00000, 0x000000070ce00000|  0%| F|  |TAMS 0x000000070cd00000, 0x000000070cd00000| Untracked 
| 190|0x000000070ce00000, 0x000000070ce00000, 0x000000070cf00000|  0%| F|  |TAMS 0x000000070ce00000, 0x000000070ce00000| Untracked 
| 191|0x000000070cf00000, 0x000000070cf00000, 0x000000070d000000|  0%| F|  |TAMS 0x000000070cf00000, 0x000000070cf00000| Untracked 
| 192|0x000000070d000000, 0x000000070d000000, 0x000000070d100000|  0%| F|  |TAMS 0x000000070d000000, 0x000000070d000000| Untracked 
| 193|0x000000070d100000, 0x000000070d100000, 0x000000070d200000|  0%| F|  |TAMS 0x000000070d100000, 0x000000070d100000| Untracked 
| 194|0x000000070d200000, 0x000000070d200000, 0x000000070d300000|  0%| F|  |TAMS 0x000000070d200000, 0x000000070d200000| Untracked 
| 195|0x000000070d300000, 0x000000070d300000, 0x000000070d400000|  0%| F|  |TAMS 0x000000070d300000, 0x000000070d300000| Untracked 
| 196|0x000000070d400000, 0x000000070d400000, 0x000000070d500000|  0%| F|  |TAMS 0x000000070d400000, 0x000000070d400000| Untracked 
| 197|0x000000070d500000, 0x000000070d500000, 0x000000070d600000|  0%| F|  |TAMS 0x000000070d500000, 0x000000070d500000| Untracked 
| 198|0x000000070d600000, 0x000000070d600000, 0x000000070d700000|  0%| F|  |TAMS 0x000000070d600000, 0x000000070d600000| Untracked 
| 199|0x000000070d700000, 0x000000070d700000, 0x000000070d800000|  0%| F|  |TAMS 0x000000070d700000, 0x000000070d700000| Untracked 
| 200|0x000000070d800000, 0x000000070d800000, 0x000000070d900000|  0%| F|  |TAMS 0x000000070d800000, 0x000000070d800000| Untracked 
| 201|0x000000070d900000, 0x000000070d900000, 0x000000070da00000|  0%| F|  |TAMS 0x000000070d900000, 0x000000070d900000| Untracked 
| 202|0x000000070da00000, 0x000000070da00000, 0x000000070db00000|  0%| F|  |TAMS 0x000000070da00000, 0x000000070da00000| Untracked 
| 203|0x000000070db00000, 0x000000070db00000, 0x000000070dc00000|  0%| F|  |TAMS 0x000000070db00000, 0x000000070db00000| Untracked 
| 204|0x000000070dc00000, 0x000000070dc00000, 0x000000070dd00000|  0%| F|  |TAMS 0x000000070dc00000, 0x000000070dc00000| Untracked 
| 205|0x000000070dd00000, 0x000000070dd00000, 0x000000070de00000|  0%| F|  |TAMS 0x000000070dd00000, 0x000000070dd00000| Untracked 
| 206|0x000000070de00000, 0x000000070de00000, 0x000000070df00000|  0%| F|  |TAMS 0x000000070de00000, 0x000000070de00000| Untracked 
| 207|0x000000070df00000, 0x000000070df00000, 0x000000070e000000|  0%| F|  |TAMS 0x000000070df00000, 0x000000070df00000| Untracked 
| 208|0x000000070e000000, 0x000000070e000000, 0x000000070e100000|  0%| F|  |TAMS 0x000000070e000000, 0x000000070e000000| Untracked 
| 209|0x000000070e100000, 0x000000070e100000, 0x000000070e200000|  0%| F|  |TAMS 0x000000070e100000, 0x000000070e100000| Untracked 
| 210|0x000000070e200000, 0x000000070e200000, 0x000000070e300000|  0%| F|  |TAMS 0x000000070e200000, 0x000000070e200000| Untracked 
| 211|0x000000070e300000, 0x000000070e300000, 0x000000070e400000|  0%| F|  |TAMS 0x000000070e300000, 0x000000070e300000| Untracked 
| 212|0x000000070e400000, 0x000000070e47da28, 0x000000070e500000| 49%| E|  |TAMS 0x000000070e400000, 0x000000070e400000| Complete 
| 213|0x000000070e500000, 0x000000070e600000, 0x000000070e600000|100%| E|CS|TAMS 0x000000070e500000, 0x000000070e500000| Complete 
| 214|0x000000070e600000, 0x000000070e700000, 0x000000070e700000|100%| E|CS|TAMS 0x000000070e600000, 0x000000070e600000| Complete 
| 215|0x000000070e700000, 0x000000070e800000, 0x000000070e800000|100%| E|CS|TAMS 0x000000070e700000, 0x000000070e700000| Complete 
| 216|0x000000070e800000, 0x000000070e900000, 0x000000070e900000|100%| E|CS|TAMS 0x000000070e800000, 0x000000070e800000| Complete 
| 217|0x000000070e900000, 0x000000070ea00000, 0x000000070ea00000|100%| E|CS|TAMS 0x000000070e900000, 0x000000070e900000| Complete 
| 218|0x000000070ea00000, 0x000000070eb00000, 0x000000070eb00000|100%| E|CS|TAMS 0x000000070ea00000, 0x000000070ea00000| Complete 
| 219|0x000000070eb00000, 0x000000070ec00000, 0x000000070ec00000|100%| E|CS|TAMS 0x000000070eb00000, 0x000000070eb00000| Complete 
| 220|0x000000070ec00000, 0x000000070ed00000, 0x000000070ed00000|100%| E|CS|TAMS 0x000000070ec00000, 0x000000070ec00000| Complete 
| 221|0x000000070ed00000, 0x000000070ee00000, 0x000000070ee00000|100%| E|CS|TAMS 0x000000070ed00000, 0x000000070ed00000| Complete 
| 222|0x000000070ee00000, 0x000000070ef00000, 0x000000070ef00000|100%| E|CS|TAMS 0x000000070ee00000, 0x000000070ee00000| Complete 
| 223|0x000000070ef00000, 0x000000070f000000, 0x000000070f000000|100%| E|CS|TAMS 0x000000070ef00000, 0x000000070ef00000| Complete 
| 224|0x000000070f000000, 0x000000070f100000, 0x000000070f100000|100%| E|CS|TAMS 0x000000070f000000, 0x000000070f000000| Complete 
| 225|0x000000070f100000, 0x000000070f200000, 0x000000070f200000|100%| E|CS|TAMS 0x000000070f100000, 0x000000070f100000| Complete 
| 226|0x000000070f200000, 0x000000070f300000, 0x000000070f300000|100%| E|CS|TAMS 0x000000070f200000, 0x000000070f200000| Complete 
| 227|0x000000070f300000, 0x000000070f400000, 0x000000070f400000|100%| E|CS|TAMS 0x000000070f300000, 0x000000070f300000| Complete 
| 228|0x000000070f400000, 0x000000070f500000, 0x000000070f500000|100%| E|CS|TAMS 0x000000070f400000, 0x000000070f400000| Complete 
| 229|0x000000070f500000, 0x000000070f600000, 0x000000070f600000|100%| E|CS|TAMS 0x000000070f500000, 0x000000070f500000| Complete 
| 230|0x000000070f600000, 0x000000070f700000, 0x000000070f700000|100%| E|CS|TAMS 0x000000070f600000, 0x000000070f600000| Complete 
| 231|0x000000070f700000, 0x000000070f800000, 0x000000070f800000|100%| E|CS|TAMS 0x000000070f700000, 0x000000070f700000| Complete 
| 232|0x000000070f800000, 0x000000070f900000, 0x000000070f900000|100%| E|CS|TAMS 0x000000070f800000, 0x000000070f800000| Complete 
| 233|0x000000070f900000, 0x000000070fa00000, 0x000000070fa00000|100%| E|CS|TAMS 0x000000070f900000, 0x000000070f900000| Complete 
| 234|0x000000070fa00000, 0x000000070fb00000, 0x000000070fb00000|100%| E|CS|TAMS 0x000000070fa00000, 0x000000070fa00000| Complete 
| 235|0x000000070fb00000, 0x000000070fc00000, 0x000000070fc00000|100%| E|CS|TAMS 0x000000070fb00000, 0x000000070fb00000| Complete 
| 236|0x000000070fc00000, 0x000000070fd00000, 0x000000070fd00000|100%| E|CS|TAMS 0x000000070fc00000, 0x000000070fc00000| Complete 
| 237|0x000000070fd00000, 0x000000070fe00000, 0x000000070fe00000|100%| E|CS|TAMS 0x000000070fd00000, 0x000000070fd00000| Complete 
| 238|0x000000070fe00000, 0x000000070ff00000, 0x000000070ff00000|100%| E|CS|TAMS 0x000000070fe00000, 0x000000070fe00000| Complete 
| 239|0x000000070ff00000, 0x0000000710000000, 0x0000000710000000|100%| E|CS|TAMS 0x000000070ff00000, 0x000000070ff00000| Complete 
| 240|0x0000000710000000, 0x0000000710100000, 0x0000000710100000|100%| E|CS|TAMS 0x0000000710000000, 0x0000000710000000| Complete 
| 241|0x0000000710100000, 0x0000000710200000, 0x0000000710200000|100%| E|CS|TAMS 0x0000000710100000, 0x0000000710100000| Complete 
| 242|0x0000000710200000, 0x0000000710300000, 0x0000000710300000|100%| E|CS|TAMS 0x0000000710200000, 0x0000000710200000| Complete 
| 243|0x0000000710300000, 0x0000000710400000, 0x0000000710400000|100%| E|CS|TAMS 0x0000000710300000, 0x0000000710300000| Complete 
| 244|0x0000000710400000, 0x0000000710500000, 0x0000000710500000|100%| E|CS|TAMS 0x0000000710400000, 0x0000000710400000| Complete 
| 245|0x0000000710500000, 0x0000000710600000, 0x0000000710600000|100%| E|  |TAMS 0x0000000710500000, 0x0000000710500000| Complete 
| 246|0x0000000710600000, 0x0000000710700000, 0x0000000710700000|100%| E|CS|TAMS 0x0000000710600000, 0x0000000710600000| Complete 
| 247|0x0000000710700000, 0x0000000710800000, 0x0000000710800000|100%| E|CS|TAMS 0x0000000710700000, 0x0000000710700000| Complete 
| 248|0x0000000710800000, 0x0000000710900000, 0x0000000710900000|100%| E|CS|TAMS 0x0000000710800000, 0x0000000710800000| Complete 
| 249|0x0000000710900000, 0x0000000710a00000, 0x0000000710a00000|100%| E|CS|TAMS 0x0000000710900000, 0x0000000710900000| Complete 
| 250|0x0000000710a00000, 0x0000000710b00000, 0x0000000710b00000|100%| E|CS|TAMS 0x0000000710a00000, 0x0000000710a00000| Complete 
| 251|0x0000000710b00000, 0x0000000710c00000, 0x0000000710c00000|100%| E|CS|TAMS 0x0000000710b00000, 0x0000000710b00000| Complete 
| 252|0x0000000710c00000, 0x0000000710d00000, 0x0000000710d00000|100%| E|CS|TAMS 0x0000000710c00000, 0x0000000710c00000| Complete 
| 253|0x0000000710d00000, 0x0000000710e00000, 0x0000000710e00000|100%| E|CS|TAMS 0x0000000710d00000, 0x0000000710d00000| Complete 
| 254|0x0000000710e00000, 0x0000000710f00000, 0x0000000710f00000|100%| E|CS|TAMS 0x0000000710e00000, 0x0000000710e00000| Complete 
| 255|0x0000000710f00000, 0x0000000711000000, 0x0000000711000000|100%| E|CS|TAMS 0x0000000710f00000, 0x0000000710f00000| Complete 

Card table byte_map: [0x000001e4ce710000,0x000001e4cef10000] _byte_map_base: 0x000001e4caf08000

Marking Bits (Prev, Next): (CMBitMap*) 0x000001e4b66fbc78, (CMBitMap*) 0x000001e4b66fbcb0
 Prev Bits: [0x000001e4cf710000, 0x000001e4d36d0000)
 Next Bits: [0x000001e4d36d0000, 0x000001e4d7690000)

Polling page: 0x000001e4b43e0000

Metaspace:

Usage:
  Non-class:     50.56 MB capacity,    49.83 MB ( 99%) used,   589.88 KB (  1%) free+waste,   159.75 KB ( <1%) overhead. 
      Class:      6.80 MB capacity,     6.29 MB ( 93%) used,   446.88 KB (  6%) free+waste,    75.25 KB (  1%) overhead. 
       Both:     57.36 MB capacity,    56.12 MB ( 98%) used,     1.01 MB (  2%) free+waste,   235.00 KB ( <1%) overhead. 

Virtual space:
  Non-class space:       52.00 MB reserved,      50.67 MB ( 97%) committed 
      Class space:        1.00 GB reserved,       6.88 MB ( <1%) committed 
             Both:        1.05 GB reserved,      57.55 MB (  5%) committed 

Chunk freelists:
   Non-Class:  5.88 KB
       Class:  1.63 KB
        Both:  7.50 KB

CodeHeap 'non-profiled nmethods': size=120000Kb used=3305Kb max_used=3305Kb free=116694Kb
 bounds [0x000001e4c6490000, 0x000001e4c67d0000, 0x000001e4cd9c0000]
CodeHeap 'profiled nmethods': size=120000Kb used=13671Kb max_used=13671Kb free=106328Kb
 bounds [0x000001e4bef60000, 0x000001e4bfcd0000, 0x000001e4c6490000]
CodeHeap 'non-nmethods': size=5760Kb used=1449Kb max_used=1497Kb free=4310Kb
 bounds [0x000001e4be9c0000, 0x000001e4bec30000, 0x000001e4bef60000]
 total_blobs=9370 nmethods=6095 adapters=828
 compilation: enabled
              stopped_count=0, restarted_count=0
 full_count=0

Compilation events (10 events):
Event: 6.209 Thread 0x000001e4df24a000 nmethod 6842 0x000001e4c67c3590 code [0x000001e4c67c3900, 0x000001e4c67c57d8]
Event: 6.211 Thread 0x000001e4dad48800 nmethod 6853% 0x000001e4c67c6390 code [0x000001e4c67c6520, 0x000001e4c67c66d8]
Event: 6.215 Thread 0x000001e4de94a800 nmethod 6852 0x000001e4c67c6810 code [0x000001e4c67c69c0, 0x000001e4c67c6ed8]
Event: 6.227 Thread 0x000001e4df24a000 6854 % !   4       am::z @ 849 (1215 bytes)
Event: 6.239 Thread 0x000001e4dad4b000 6855       1       java.util.concurrent.ThreadPoolExecutor::getQueue (5 bytes)
Event: 6.239 Thread 0x000001e4dad4b000 nmethod 6855 0x000001e4c67c7190 code [0x000001e4c67c7340, 0x000001e4c67c7458]
Event: 6.240 Thread 0x000001e4df24a000 nmethod 6854% 0x000001e4c67c7510 code [0x000001e4c67c76c0, 0x000001e4c67c80d8]
Event: 6.266 Thread 0x000001e4dad4b000 6856       3       java.util.concurrent.locks.LockSupport::parkNanos (29 bytes)
Event: 6.266 Thread 0x000001e4dad4b000 nmethod 6856 0x000001e4bfcc4410 code [0x000001e4bfcc45e0, 0x000001e4bfcc4970]
Event: 6.266 Thread 0x000001e4dad48800 6857   !   4       am::z (1215 bytes)

GC Heap History (10 events):
Event: 0.989 GC heap before
{Heap before GC invocations=1 (full 0):
 garbage-first heap   total 262144K, used 15759K [0x0000000701000000, 0x0000000800000000)
  region size 1024K, 15 young (15360K), 3 survivors (3072K)
 Metaspace       used 20975K, capacity 21226K, committed 21296K, reserved 1069056K
  class space    used 2324K, capacity 2429K, committed 2432K, reserved 1048576K
}
Event: 0.995 GC heap after
{Heap after GC invocations=2 (full 0):
 garbage-first heap   total 262144K, used 5413K [0x0000000701000000, 0x0000000800000000)
  region size 1024K, 4 young (4096K), 4 survivors (4096K)
 Metaspace       used 20975K, capacity 21226K, committed 21296K, reserved 1069056K
  class space    used 2324K, capacity 2429K, committed 2432K, reserved 1048576K
}
Event: 2.490 GC heap before
{Heap before GC invocations=3 (full 0):
 garbage-first heap   total 262144K, used 39205K [0x0000000701000000, 0x0000000800000000)
  region size 1024K, 36 young (36864K), 4 survivors (4096K)
 Metaspace       used 32907K, capacity 33255K, committed 33328K, reserved 1079296K
  class space    used 3552K, capacity 3708K, committed 3712K, reserved 1048576K
}
Event: 2.495 GC heap after
{Heap after GC invocations=4 (full 0):
 garbage-first heap   total 262144K, used 9854K [0x0000000701000000, 0x0000000800000000)
  region size 1024K, 5 young (5120K), 5 survivors (5120K)
 Metaspace       used 32907K, capacity 33255K, committed 33328K, reserved 1079296K
  class space    used 3552K, capacity 3708K, committed 3712K, reserved 1048576K
}
Event: 2.678 GC heap before
{Heap before GC invocations=4 (full 0):
 garbage-first heap   total 262144K, used 17022K [0x0000000701000000, 0x0000000800000000)
  region size 1024K, 13 young (13312K), 5 survivors (5120K)
 Metaspace       used 35403K, capacity 35794K, committed 35920K, reserved 1081344K
  class space    used 3980K, capacity 4128K, committed 4224K, reserved 1048576K
}
Event: 2.683 GC heap after
{Heap after GC invocations=5 (full 0):
 garbage-first heap   total 262144K, used 11049K [0x0000000701000000, 0x0000000800000000)
  region size 1024K, 2 young (2048K), 2 survivors (2048K)
 Metaspace       used 35403K, capacity 35794K, committed 35920K, reserved 1081344K
  class space    used 3980K, capacity 4128K, committed 4224K, reserved 1048576K
}
Event: 3.955 GC heap before
{Heap before GC invocations=6 (full 0):
 garbage-first heap   total 262144K, used 66345K [0x0000000701000000, 0x0000000800000000)
  region size 1024K, 56 young (57344K), 2 survivors (2048K)
 Metaspace       used 43862K, capacity 44546K, committed 44592K, reserved 1089536K
  class space    used 4959K, capacity 5237K, committed 5248K, reserved 1048576K
}
Event: 3.961 GC heap after
{Heap after GC invocations=7 (full 0):
 garbage-first heap   total 262144K, used 18663K [0x0000000701000000, 0x0000000800000000)
  region size 1024K, 7 young (7168K), 7 survivors (7168K)
 Metaspace       used 43862K, capacity 44546K, committed 44592K, reserved 1089536K
  class space    used 4959K, capacity 5237K, committed 5248K, reserved 1048576K
}
Event: 5.436 GC heap before
{Heap before GC invocations=7 (full 0):
 garbage-first heap   total 262144K, used 178407K [0x0000000701000000, 0x0000000800000000)
  region size 1024K, 153 young (156672K), 7 survivors (7168K)
 Metaspace       used 55612K, capacity 56747K, committed 56880K, reserved 1099776K
  class space    used 6284K, capacity 6734K, committed 6784K, reserved 1048576K
}
Event: 5.449 GC heap after
{Heap after GC invocations=8 (full 0):
 garbage-first heap   total 262144K, used 41712K [0x0000000701000000, 0x0000000800000000)
  region size 1024K, 20 young (20480K), 20 survivors (20480K)
 Metaspace       used 55612K, capacity 56747K, committed 56880K, reserved 1099776K
  class space    used 6284K, capacity 6734K, committed 6784K, reserved 1048576K
}

Deoptimization events (10 events):
Event: 5.886 Thread 0x000001e4dcc90000 Uncommon trap: reason=unstable_if action=reinterpret pc=0x000001e4c64d2124 method=sun.net.www.ParseUtil.firstEncodeIndex(Ljava/lang/String;)I @ 73 c2
Event: 5.900 Thread 0x000001e4dcc90800 Uncommon trap: reason=unstable_if action=reinterpret pc=0x000001e4c6526cb0 method=fp.l(Lgr;)V @ 216 c2
Event: 5.923 Thread 0x000001e4dcc90800 Uncommon trap: reason=unstable_if action=reinterpret pc=0x000001e4c6651c78 method=java.awt.image.DirectColorModel.getDataElements(ILjava/lang/Object;)Ljava/lang/Object; @ 38 c2
Event: 5.985 Thread 0x000001e4dcc90800 Uncommon trap: reason=unstable_if action=reinterpret pc=0x000001e4c673be00 method=fe.v(B)V @ 546 c2
Event: 5.985 Thread 0x000001e4dcc90800 Uncommon trap: reason=unstable_if action=reinterpret pc=0x000001e4c6670958 method=fe.v(B)V @ 546 c2
Event: 6.186 Thread 0x000001e4dcc90800 Uncommon trap: reason=profile_predicate action=maybe_recompile pc=0x000001e4c67affa8 method=am.z(II)V @ 518 c2
Event: 6.186 Thread 0x000001e4dcc90800 Uncommon trap: reason=profile_predicate action=maybe_recompile pc=0x000001e4c67bcee4 method=am.z(II)V @ 72 c2
Event: 6.227 Thread 0x000001e4dcc90800 Uncommon trap: reason=profile_predicate action=maybe_recompile pc=0x000001e4c67c5550 method=am.z(II)V @ 814 c2
Event: 6.227 Thread 0x000001e4dcc90800 Uncommon trap: reason=profile_predicate action=maybe_recompile pc=0x000001e4c67bcee4 method=am.z(II)V @ 72 c2
Event: 6.266 Thread 0x000001e4dcc90800 Uncommon trap: reason=profile_predicate action=maybe_recompile pc=0x000001e4c67c5550 method=am.z(II)V @ 814 c2

Classes redefined (0 events):
No events

Internal exceptions (10 events):
Event: 4.771 Thread 0x000001e4dcc8f000 Implicit null exception at 0x000001e4c65bf33b to 0x000001e4c65bf576
Event: 4.986 Thread 0x000001e4defdc800 Exception <a 'java/net/SocketException'{0x0000000709d01c28}: Socket closed> (0x0000000709d01c28) thrown at [t:/workspace/open/src/hotspot/share/prims/jni.cpp, line 636]
Event: 4.990 Thread 0x000001e4e07de800 Exception <a 'java/net/SocketException'{0x0000000709801010}: Socket closed> (0x0000000709801010) thrown at [t:/workspace/open/src/hotspot/share/prims/jni.cpp, line 636]
Event: 5.078 Thread 0x000001e4dcc90000 Exception <a 'java/lang/NoSuchMethodError'{0x00000007090314f0}: java.lang.invoke.DirectMethodHandle$Holder.invokeStatic(Ljava/lang/Object;Ljava/lang/Object;Ljava/lang/Object;Ljava/lang/Object;)V> (0x00000007090314f0) thrown at [t:/workspace/open/src/hotsp
Event: 5.091 Thread 0x000001e4dcc90000 Exception <a 'java/lang/NoSuchMethodError'{0x0000000708f823c0}: java.lang.invoke.DirectMethodHandle$Holder.invokeSpecial(Ljava/lang/Object;Ljava/lang/Object;Ljava/lang/Object;Ljava/lang/Object;Ljava/lang/Object;)V> (0x0000000708f823c0) thrown at [t:/works
Event: 5.642 Thread 0x000001e4dcc90000 Exception <a 'java/lang/NoSuchMethodError'{0x000000071023b358}: java.lang.invoke.DirectMethodHandle$Holder.invokeSpecial(Ljava/lang/Object;Ljava/lang/Object;Ljava/lang/Object;Ljava/lang/Object;)I> (0x000000071023b358) thrown at [t:/workspace/open/src/hots
Event: 5.854 Thread 0x000001e4dcc90000 Implicit null exception at 0x000001e4c6786acc to 0x000001e4c6786bea
Event: 5.854 Thread 0x000001e4dcc90000 Implicit null exception at 0x000001e4c6786acc to 0x000001e4c6786bea
Event: 5.929 Thread 0x000001e4b669a000 Exception <a 'java/lang/NoSuchMethodError'{0x000000070ebf6b40}: java.lang.invoke.DirectMethodHandle$Holder.invokeStaticInit(Ljava/lang/Object;Ljava/lang/Object;Ljava/lang/Object;)Ljava/lang/Object;> (0x000000070ebf6b40) thrown at [t:/workspace/open/src/ho
Event: 5.929 Thread 0x000001e4b669a000 Exception <a 'java/lang/NoSuchMethodError'{0x000000070e6fd1b0}: java.lang.invoke.DirectMethodHandle$Holder.invokeStatic(Ljava/lang/Object;Ljava/lang/Object;Ljava/lang/Object;Ljava/lang/Object;Ljava/lang/Object;Ljava/lang/Object;)V> (0x000000070e6fd1b0) th

Events (10 events):
Event: 6.207 Thread 0x000001e4dcc90800 DEOPT UNPACKING pc=0x000001e4be9e8fce sp=0x00000036d99fe7e0 mode 0
Event: 6.227 Thread 0x000001e4dcc90800 Uncommon trap: trap_request=0xffffffbe fr.pc=0x000001e4c67c5550 relative=0x0000000000001c50
Event: 6.227 Thread 0x000001e4dcc90800 DEOPT PACKING pc=0x000001e4c67c5550 sp=0x00000036d99ff350
Event: 6.227 Thread 0x000001e4dcc90800 DEOPT UNPACKING pc=0x000001e4be9e91af sp=0x00000036d99ff2e0 mode 2
Event: 6.227 Thread 0x000001e4dcc90800 Uncommon trap: trap_request=0xffffffbe fr.pc=0x000001e4c67bcee4 relative=0x00000000000007a4
Event: 6.227 Thread 0x000001e4dcc90800 DEOPT PACKING pc=0x000001e4c67bcee4 sp=0x00000036d99ff340
Event: 6.227 Thread 0x000001e4dcc90800 DEOPT UNPACKING pc=0x000001e4be9e91af sp=0x00000036d99ff2e0 mode 2
Event: 6.266 Thread 0x000001e4dcc90800 Uncommon trap: trap_request=0xffffffbe fr.pc=0x000001e4c67c5550 relative=0x0000000000001c50
Event: 6.266 Thread 0x000001e4dcc90800 DEOPT PACKING pc=0x000001e4c67c5550 sp=0x00000036d99ff350
Event: 6.266 Thread 0x000001e4dcc90800 DEOPT UNPACKING pc=0x000001e4be9e91af sp=0x00000036d99ff2e0 mode 2


Dynamic libraries:
0x00007ff698610000 - 0x00007ff698657000 	C:\Program Files\Java\jdk-11.0.1\bin\java.exe
0x00007ffd06d30000 - 0x00007ffd06f11000 	C:\WINDOWS\SYSTEM32\ntdll.dll
0x00007ffd04370000 - 0x00007ffd04422000 	C:\WINDOWS\System32\KERNEL32.DLL
0x00007ffd03e40000 - 0x00007ffd040b3000 	C:\WINDOWS\System32\KERNELBASE.dll
0x00007ffd04460000 - 0x00007ffd04501000 	C:\WINDOWS\System32\ADVAPI32.dll
0x00007ffd064b0000 - 0x00007ffd0654e000 	C:\WINDOWS\System32\msvcrt.dll
0x00007ffd063b0000 - 0x00007ffd0640b000 	C:\WINDOWS\System32\sechost.dll
0x00007ffd06bd0000 - 0x00007ffd06cf4000 	C:\WINDOWS\System32\RPCRT4.dll
0x00007ffd04c60000 - 0x00007ffd04df0000 	C:\WINDOWS\System32\USER32.dll
0x00007ffd04120000 - 0x00007ffd04140000 	C:\WINDOWS\System32\win32u.dll
0x00007ffd04610000 - 0x00007ffd04638000 	C:\WINDOWS\System32\GDI32.dll
0x00007ffd03b50000 - 0x00007ffd03ce2000 	C:\WINDOWS\System32\gdi32full.dll
0x00007ffd03ab0000 - 0x00007ffd03b4f000 	C:\WINDOWS\System32\msvcp_win.dll
0x00007ffd03d40000 - 0x00007ffd03e3a000 	C:\WINDOWS\System32\ucrtbase.dll
0x00007ffcf4170000 - 0x00007ffcf43d9000 	C:\WINDOWS\WinSxS\amd64_microsoft.windows.common-controls_6595b64144ccf1df_6.0.17134.345_none_fb429a5930656358\COMCTL32.dll
0x00007ffd04920000 - 0x00007ffd04c43000 	C:\WINDOWS\System32\combase.dll
0x00007ffd04140000 - 0x00007ffd041ba000 	C:\WINDOWS\System32\bcryptPrimitives.dll
0x00007ffcfe720000 - 0x00007ffcfe72a000 	C:\WINDOWS\SYSTEM32\VERSION.dll
0x00007ffd04430000 - 0x00007ffd0445d000 	C:\WINDOWS\System32\IMM32.DLL
0x00007ffcf1230000 - 0x00007ffcf1246000 	C:\Program Files\Java\jdk-11.0.1\bin\vcruntime140.dll
0x00007ffcd1c70000 - 0x00007ffcd1d1a000 	C:\Program Files\Java\jdk-11.0.1\bin\msvcp140.dll
0x00007ffc97a00000 - 0x00007ffc98542000 	C:\Program Files\Java\jdk-11.0.1\bin\server\jvm.dll
0x00007ffd04c50000 - 0x00007ffd04c58000 	C:\WINDOWS\System32\PSAPI.DLL
0x00007ffcff5e0000 - 0x00007ffcff5e9000 	C:\WINDOWS\SYSTEM32\WSOCK32.dll
0x00007ffd00d90000 - 0x00007ffd00db3000 	C:\WINDOWS\SYSTEM32\WINMM.dll
0x00007ffd04ea0000 - 0x00007ffd04f0c000 	C:\WINDOWS\System32\WS2_32.dll
0x00007ffd00bc0000 - 0x00007ffd00bea000 	C:\WINDOWS\SYSTEM32\winmmbase.dll
0x00007ffd03cf0000 - 0x00007ffd03d39000 	C:\WINDOWS\System32\cfgmgr32.dll
0x00007ffd030c0000 - 0x00007ffd030d1000 	C:\WINDOWS\System32\kernel.appcore.dll
0x00007ffce2c80000 - 0x00007ffce2c91000 	C:\Program Files\Java\jdk-11.0.1\bin\verify.dll
0x00007ffcebe00000 - 0x00007ffcebfc9000 	C:\WINDOWS\SYSTEM32\DBGHELP.DLL
0x00007ffcebbc0000 - 0x00007ffcebbe9000 	C:\WINDOWS\SYSTEM32\dbgcore.DLL
0x00007ffce2620000 - 0x00007ffce2649000 	C:\Program Files\Java\jdk-11.0.1\bin\java.dll
0x00007ffcd3f90000 - 0x00007ffcd3fbf000 	C:\Program Files\Java\jdk-11.0.1\bin\instrument.dll
0x00007ffce2c60000 - 0x00007ffce2c76000 	C:\Program Files\Java\jdk-11.0.1\bin\zip.dll
0x00007ffcecdd0000 - 0x00007ffcecdda000 	C:\Program Files\Java\jdk-11.0.1\bin\jimage.dll
0x00007ffd04f10000 - 0x00007ffd0634f000 	C:\WINDOWS\System32\SHELL32.dll
0x00007ffd04df0000 - 0x00007ffd04e99000 	C:\WINDOWS\System32\shcore.dll
0x00007ffd032f0000 - 0x00007ffd039fd000 	C:\WINDOWS\System32\windows.storage.dll
0x00007ffd06550000 - 0x00007ffd065a1000 	C:\WINDOWS\System32\shlwapi.dll
0x00007ffd030a0000 - 0x00007ffd030bf000 	C:\WINDOWS\System32\profapi.dll
0x00007ffd03050000 - 0x00007ffd0309c000 	C:\WINDOWS\System32\powrprof.dll
0x00007ffd03040000 - 0x00007ffd0304a000 	C:\WINDOWS\System32\FLTLIB.DLL
0x00007ffce29e0000 - 0x00007ffce29f9000 	C:\Program Files\Java\jdk-11.0.1\bin\net.dll
0x00007ffcfc460000 - 0x00007ffcfc53c000 	C:\WINDOWS\SYSTEM32\WINHTTP.dll
0x00007ffd028c0000 - 0x00007ffd02926000 	C:\WINDOWS\system32\mswsock.dll
0x00007ffce2520000 - 0x00007ffce2533000 	C:\Program Files\Java\jdk-11.0.1\bin\nio.dll
0x00007ffcd3f70000 - 0x00007ffcd3f8a000 	C:\Program Files\JetBrains\IntelliJ IDEA Community Edition 2018.2.5\bin\breakgen64.dll
0x00007ffceb120000 - 0x00007ffceb12d000 	C:\Program Files\Java\jdk-11.0.1\bin\sunmscapi.dll
0x00007ffd03100000 - 0x00007ffd032e2000 	C:\WINDOWS\System32\CRYPT32.dll
0x00007ffd030e0000 - 0x00007ffd030f2000 	C:\WINDOWS\System32\MSASN1.dll
0x00007ffd02b70000 - 0x00007ffd02b96000 	C:\WINDOWS\SYSTEM32\ncrypt.dll
0x00007ffd02ba0000 - 0x00007ffd02bc5000 	C:\WINDOWS\SYSTEM32\bcrypt.dll
0x00007ffd02b30000 - 0x00007ffd02b66000 	C:\WINDOWS\SYSTEM32\NTASN1.dll
0x00007ffcd2ab0000 - 0x00007ffcd2ad7000 	C:\Program Files\Java\jdk-11.0.1\bin\sunec.dll
0x00007ffd02a70000 - 0x00007ffd02a87000 	C:\WINDOWS\SYSTEM32\CRYPTSP.dll
0x00007ffd02440000 - 0x00007ffd02473000 	C:\WINDOWS\system32\rsaenh.dll
0x00007ffd02f40000 - 0x00007ffd02f68000 	C:\WINDOWS\SYSTEM32\USERENV.dll
0x00007ffd02a90000 - 0x00007ffd02a9b000 	C:\WINDOWS\SYSTEM32\CRYPTBASE.dll
0x00007ffd02640000 - 0x00007ffd02678000 	C:\WINDOWS\SYSTEM32\IPHLPAPI.DLL
0x00007ffd04360000 - 0x00007ffd04368000 	C:\WINDOWS\System32\NSI.dll
0x00007ffcfd030000 - 0x00007ffcfd046000 	C:\WINDOWS\SYSTEM32\dhcpcsvc6.DLL
0x00007ffcfd920000 - 0x00007ffcfd93a000 	C:\WINDOWS\SYSTEM32\dhcpcsvc.DLL
0x00007ffd02680000 - 0x00007ffd0273e000 	C:\WINDOWS\SYSTEM32\DNSAPI.dll
0x00007ffcfb0c0000 - 0x00007ffcfb0ca000 	C:\Windows\System32\rasadhlp.dll
0x00007ffcf80c0000 - 0x00007ffcf8132000 	C:\WINDOWS\System32\fwpuclnt.dll
0x00007ffcd00b0000 - 0x00007ffcd024f000 	C:\Program Files\Java\jdk-11.0.1\bin\awt.dll
0x00007ffd065b0000 - 0x00007ffd06672000 	C:\WINDOWS\System32\OLEAUT32.dll
0x00007ffd005f0000 - 0x00007ffd00bb7000 	C:\WINDOWS\SYSTEM32\d2d1.dll
0x00007ffd013c0000 - 0x00007ffd0144b000 	C:\WINDOWS\SYSTEM32\apphelp.dll
0x00007ffd016f0000 - 0x00007ffd01788000 	C:\WINDOWS\system32\uxtheme.dll
0x00007ffd047a0000 - 0x00007ffd04914000 	C:\WINDOWS\System32\MSCTF.dll
0x00007ffd017d0000 - 0x00007ffd017f9000 	C:\WINDOWS\system32\dwmapi.dll
0x00007ffd04640000 - 0x00007ffd04791000 	C:\WINDOWS\System32\ole32.dll
0x00007ffccf730000 - 0x00007ffccf7af000 	C:\Program Files\Java\jdk-11.0.1\bin\mlib_image.dll
0x00007ffccf6b0000 - 0x00007ffccf730000 	C:\Program Files\Java\jdk-11.0.1\bin\freetype.dll
0x00007ffccf590000 - 0x00007ffccf5ff000 	C:\Program Files\Java\jdk-11.0.1\bin\fontmanager.dll
0x00007ffcdb490000 - 0x00007ffcdb5b0000 	C:\WINDOWS\system32\opengl32.dll
0x00007ffce5a90000 - 0x00007ffce5abc000 	C:\WINDOWS\SYSTEM32\GLU32.dll
0x00007ffcbea30000 - 0x00007ffcbebc7000 	C:\WINDOWS\system32\d3d9.dll
0x00007ffcfdc40000 - 0x00007ffcfdd2c000 	C:\WINDOWS\System32\DriverStore\FileRepository\nv_dispi.inf_amd64_f5be1f8d25335236\nvldumdx.dll
0x00007ffd040c0000 - 0x00007ffd04117000 	C:\WINDOWS\System32\WINTRUST.DLL
0x00007ffd06490000 - 0x00007ffd064ad000 	C:\WINDOWS\System32\imagehlp.dll
0x00007ffcbd7f0000 - 0x00007ffcbea29000 	C:\WINDOWS\System32\DriverStore\FileRepository\nv_dispi.inf_amd64_f5be1f8d25335236\nvd3dumx.dll
0x00007ffcbd390000 - 0x00007ffcbd5f6000 	C:\WINDOWS\system32\nvspcap64.dll
0x00007ffd021e0000 - 0x00007ffd02211000 	C:\WINDOWS\SYSTEM32\ntmarta.dll
0x00007ffd066e0000 - 0x00007ffd06780000 	C:\WINDOWS\System32\clbcatq.dll
0x00007ffcff0c0000 - 0x00007ffcff26e000 	C:\WINDOWS\SYSTEM32\WindowsCodecs.dll
0x00007ffce23a0000 - 0x00007ffce23f8000 	C:\WINDOWS\system32\dataexchange.dll
0x00007ffd00bf0000 - 0x00007ffd00d8c000 	C:\WINDOWS\system32\dcomp.dll
0x00007ffd002e0000 - 0x00007ffd005eb000 	C:\WINDOWS\system32\d3d11.dll
0x00007ffd01e00000 - 0x00007ffd01ebb000 	C:\WINDOWS\system32\dxgi.dll
0x00007ffd018e0000 - 0x00007ffd01a98000 	C:\WINDOWS\system32\twinapi.appcore.dll
0x00007ffd018b0000 - 0x00007ffd018d1000 	C:\WINDOWS\system32\RMCLIENT.dll
0x00007ffcf43e0000 - 0x00007ffcf4488000 	C:\WINDOWS\SYSTEM32\mscms.dll
0x00007ffcfb0b0000 - 0x00007ffcfb0c0000 	C:\WINDOWS\SYSTEM32\ColorAdapterClient.dll
0x00007ffcd0ef0000 - 0x00007ffcd0f33000 	C:\WINDOWS\SYSTEM32\icm32.dll
0x00007ffcee950000 - 0x00007ffcee9e7000 	C:\WINDOWS\System32\TextInputFramework.dll
0x00007ffcfe9b0000 - 0x00007ffcfecce000 	C:\WINDOWS\System32\CoreUIComponents.dll
0x00007ffd01100000 - 0x00007ffd011da000 	C:\WINDOWS\System32\CoreMessaging.dll
0x00007ffcfe850000 - 0x00007ffcfe99d000 	C:\WINDOWS\SYSTEM32\wintypes.dll
0x00007ffcd0cb0000 - 0x00007ffcd0cf2000 	C:\Users\Tim Desktop\AppData\Local\Temp\jna--361032620\jna5035996798044104868.dll
0x00007ffcc88e0000 - 0x00007ffcc897b000 	C:\Users\TIMDES~1\AppData\Local\Temp\jna--361032620\jna9602632799496853020.dll
0x00007ffcd3f50000 - 0x00007ffcd3f62000 	C:\Program Files\Java\jdk-11.0.1\bin\jsound.dll
0x00007ffcc6040000 - 0x00007ffcc60cf000 	C:\WINDOWS\SYSTEM32\DSOUND.dll
0x00007ffcf8d20000 - 0x00007ffcf8d96000 	C:\WINDOWS\System32\MMDevApi.dll
0x00007ffd02e50000 - 0x00007ffd02e77000 	C:\WINDOWS\System32\DEVOBJ.dll
0x00007ffcff8c0000 - 0x00007ffcffa74000 	C:\WINDOWS\System32\PROPSYS.dll
0x00007ffcbca80000 - 0x00007ffcbcac4000 	C:\WINDOWS\SYSTEM32\wdmaud.drv
0x00007ffcbca70000 - 0x00007ffcbca79000 	C:\WINDOWS\SYSTEM32\ksuser.dll
0x00007ffcfeec0000 - 0x00007ffcfeeca000 	C:\WINDOWS\SYSTEM32\AVRT.dll
0x00007ffcf0cd0000 - 0x00007ffcf0dfc000 	C:\WINDOWS\SYSTEM32\AUDIOSES.DLL
0x00007ffcbca60000 - 0x00007ffcbca6d000 	C:\WINDOWS\SYSTEM32\msacm32.drv
0x00007ffcbca40000 - 0x00007ffcbca5c000 	C:\WINDOWS\SYSTEM32\MSACM32.dll
0x00007ffcbca30000 - 0x00007ffcbca3a000 	C:\WINDOWS\SYSTEM32\midimap.dll
0x00007ffcd2a80000 - 0x00007ffcd2aad000 	C:\Program Files\Java\jdk-11.0.1\bin\javajpeg.dll
0x00007ffcd1c30000 - 0x00007ffcd1c6f000 	C:\Program Files\Java\jdk-11.0.1\bin\lcms.dll
0x00007ffceea70000 - 0x00007ffceeb84000 	C:\Windows\System32\Windows.UI.dll
0x00007ffcee9f0000 - 0x00007ffceea69000 	C:\Windows\System32\InputHost.dll
0x00007ffcecd90000 - 0x00007ffcecd99000 	C:\Program Files\Java\jdk-11.0.1\bin\management.dll
0x00007ffcecb10000 - 0x00007ffcecb1c000 	C:\Program Files\Java\jdk-11.0.1\bin\management_ext.dll

dbghelp: loaded successfully - version: 4.0.5 - missing functions: none
symbol engine: initialized successfully - sym options: 0x614 - pdb path: .;C:\Program Files\Java\jdk-11.0.1\bin;C:\WINDOWS\SYSTEM32;C:\WINDOWS\WinSxS\amd64_microsoft.windows.common-controls_6595b64144ccf1df_6.0.17134.345_none_fb429a5930656358;C:\Program Files\Java\jdk-11.0.1\bin\server;C:\Program Files\JetBrains\IntelliJ IDEA Community Edition 2018.2.5\bin;C:\WINDOWS\System32\DriverStore\FileRepository\nv_dispi.inf_amd64_f5be1f8d25335236;C:\Users\Tim Desktop\AppData\Local\Temp\jna--361032620;C:\Users\TIMDES~1\AppData\Local\Temp\jna--361032620

VM Arguments:
jvm_args: -javaagent:C:\Program Files\JetBrains\IntelliJ IDEA Community Edition 2018.2.5\lib\idea_rt.jar=49801:C:\Program Files\JetBrains\IntelliJ IDEA Community Edition 2018.2.5\bin -Dfile.encoding=UTF-8 
java_command: net.runelite.client.RuneLite
java_class_path (initial): C:\Users\Tim Desktop\Runelite (git)\runelite-client\target\classes;C:\Users\Tim Desktop\.m2\repository\org\slf4j\slf4j-api\1.7.25\slf4j-api-1.7.25.jar;C:\Users\Tim Desktop\.m2\repository\ch\qos\logback\logback-classic\1.2.3\logback-classic-1.2.3.jar;C:\Users\Tim Desktop\.m2\repository\ch\qos\logback\logback-core\1.2.3\logback-core-1.2.3.jar;C:\Users\Tim Desktop\.m2\repository\net\sf\jopt-simple\jopt-simple\5.0.1\jopt-simple-5.0.1.jar;C:\Users\Tim Desktop\.m2\repository\com\google\guava\guava\23.2-jre\guava-23.2-jre.jar;C:\Users\Tim Desktop\.m2\repository\com\google\code\findbugs\jsr305\1.3.9\jsr305-1.3.9.jar;C:\Users\Tim Desktop\.m2\repository\com\google\errorprone\error_prone_annotations\2.0.18\error_prone_annotations-2.0.18.jar;C:\Users\Tim Desktop\.m2\repository\com\google\j2objc\j2objc-annotations\1.1\j2objc-annotations-1.1.jar;C:\Users\Tim Desktop\.m2\repository\org\codehaus\mojo\animal-sniffer-annotations\1.14\animal-sniffer-annotations-1.14.jar;C:\Users\Tim Desktop\.m2\repository\com\google\inject\guice\4.1.0\guice-4.1.0-no_aop.jar;C:\Users\Tim Desktop\.m2\repository\javax\inject\javax.inject\1\javax.inject-1.jar;C:\Users\Tim Desktop\.m2\repository\aopalliance\aopalliance\1.0\aopalliance-1.0.jar;C:\Users\Tim Desktop\.m2\repository\com\google\code\gson\gson\2.8.5\gson-2.8.5.jar;C:\Users\Tim Desktop\.m2\repository\net\runelite\pushingpixels\substance\8.0.02\substance-8.0.02.jar;C:\Users\Tim Desktop\.m2\repository\net\runelite\pushingpixels\trident\1.5.00\trident-1.5.00.jar;C:\Users\Tim Desktop\.m2\repository\org\apache\commons\commons-text\1.2\commons-text-1.2.jar;C:\Users\Tim Desktop\.m2\repository\org\apache\commons\commons-lang3\3.7\commons-lang3-3.7.jar;C:\Users\Tim Desktop\Runelite (git)\runelite-api\target\classes;C:\Users\Tim Desktop\Runelite (git)\runescape-api\target\classes;C:\Users\Tim Desktop\.m2\repository\net\runelite\injected-client\1.4.24-SNAPSHOT\injected-client-1.4.24-20181101.103911-24.jar;C:\Users\Tim Desktop\Run
Launcher Type: SUN_STANDARD

[Global flags]
     intx CICompilerCount                          = 4                                         {product} {ergonomic}
     uint ConcGCThreads                            = 3                                         {product} {ergonomic}
     uint G1ConcRefinementThreads                  = 10                                        {product} {ergonomic}
   size_t G1HeapRegionSize                         = 1048576                                   {product} {ergonomic}
    uintx GCDrainStackTargetSize                   = 64                                        {product} {ergonomic}
   size_t InitialHeapSize                          = 268435456                                 {product} {ergonomic}
   size_t MarkStackSize                            = 4194304                                   {product} {ergonomic}
   size_t MaxHeapSize                              = 4278190080                                {product} {ergonomic}
   size_t MaxNewSize                               = 2566914048                                {product} {ergonomic}
   size_t MinHeapDeltaBytes                        = 1048576                                   {product} {ergonomic}
    uintx NonNMethodCodeHeapSize                   = 5835340                                {pd product} {ergonomic}
    uintx NonProfiledCodeHeapSize                  = 122911450                              {pd product} {ergonomic}
    uintx ProfiledCodeHeapSize                     = 122911450                              {pd product} {ergonomic}
    uintx ReservedCodeCacheSize                    = 251658240                              {pd product} {ergonomic}
     bool SegmentedCodeCache                       = true                                      {product} {ergonomic}
     bool UseCompressedClassPointers               = true                                 {lp64_product} {ergonomic}
     bool UseCompressedOops                        = true                                 {lp64_product} {ergonomic}
     bool UseG1GC                                  = true                                      {product} {ergonomic}
     bool UseLargePagesIndividualAllocation        = false                                  {pd product} {ergonomic}

Logging:
Log output configuration:
 #0: stdout all=warning uptime,level,tags
 #1: stderr all=off uptime,level,tags

Environment Variables:
JAVA_HOME=C:\Program Files\Java\jdk-9.0.4\
PATH=C:\Program Files (x86)\Common Files\Oracle\Java\javapath;c:\programdata\oracle\java\javapath;c:\program files (x86)\razer chroma sdk\bin;c:\program files\razer chroma sdk\bin;c:\windows\system32;c:\windows;c:\windows\system32\wbem;c:\windows\system32\windowspowershell\v1.0\;c:\program files\git\cmd;C:\WINDOWS\system32;C:\WINDOWS;C:\WINDOWS\System32\Wbem;C:\WINDOWS\System32\WindowsPowerShell\v1.0\;C:\WINDOWS\System32\OpenSSH\;C:\Program Files\Java\jdk-11.0.1\bin;C:\Users\Tim Desktop\AppData\Local\Microsoft\WindowsApps;C:\Program Files (x86)\WinAnt\bin;
USERNAME=Tim Desktop
OS=Windows_NT
PROCESSOR_IDENTIFIER=AMD64 Family 23 Model 1 Stepping 1, AuthenticAMD



---------------  S Y S T E M  ---------------

OS: Windows 10 , 64 bit Build 17134 (10.0.17134.1)

CPU:total 12 (initial active 12) (12 cores per cpu, 2 threads per core) family 23 model 1 stepping 1, cmov, cx8, fxsr, mmx, sse, sse2, sse3, ssse3, sse4.1, sse4.2, popcnt, avx, avx2, aes, clmul, mmxext, 3dnowpref, lzcnt, sse4a, ht, tsc, tscinvbit, tscinv, bmi1, bmi2, adx, sha, fma

Memory: 4k page, system-wide physical 16316M (9016M free)
TotalPageFile size 17340M (AvailPageFile size 6021M)
current process WorkingSet (physical memory assigned to process): 392M, peak: 406M
current process commit charge ("private bytes"): 512M, peak: 526M

vm_info: Java HotSpot(TM) 64-Bit Server VM (11.0.1+13-LTS) for windows-amd64 JRE (11.0.1+13-LTS), built on Oct  6 2018 13:20:16 by "mach5one" with MS VC++ 15.5 (VS2017)

END.
